-------------------------------------------------------------------------------
Test set: TestSuite
-------------------------------------------------------------------------------
Tests run: 26, Failures: 14, Errors: 0, Skipped: 0, Time elapsed: 276.5 s <<< FAILURE! -- in TestSuite
runner.TestRunner.runScenario["Validate today appointment filter", "Muhindhar_13-05-2026_Appointment Filter Functionality"](1) -- Time elapsed: 11.54 s <<< FAILURE!
org.openqa.selenium.ElementClickInterceptedException: 
element click intercepted: Element <li class="active">...</li> is not clickable at point (290, 86). Other element would receive the click: <nav class="navbar navbar-static-top" role="navigation">...</nav>
  (Session info: chrome=148.0.7778.168)
Build info: version: '4.43.0', revision: 'dd0f534'
System info: os.name: 'Windows 11', os.arch: 'amd64', os.version: '10.0', java.version: '25.0.2'
Driver info: org.openqa.selenium.chrome.ChromeDriver
Command: [afe45a7379cc503e62e7d02667cc711f, clickElement {id=f.B2BAE508510719300EDFA6121FD430E8.d.88E3C3D6C49D3F321DC555ABC0CD33C1.e.318}]
Capabilities {acceptInsecureCerts: false, browserName: chrome, browserVersion: 148.0.7778.168, chrome: {chromedriverVersion: 148.0.7778.167 (65db666ac2c..., userDataDir: C:\Users\MUHIND~1\AppData\L...}, fedcm:accounts: true, goog:chromeOptions: {debuggerAddress: localhost:9134}, goog:processID: 29960, networkConnectionEnabled: false, pageLoadStrategy: normal, platformName: windows, proxy: Proxy(), se:cdp: ws://localhost:9134/devtool..., se:cdpVersion: 148.0.7778.168, setWindowRect: true, strictFileInteractability: false, timeouts: {implicit: 0, pageLoad: 300000, script: 30000}, unhandledPromptBehavior: dismiss and notify, webauthn:extension:credBlob: true, webauthn:extension:largeBlob: true, webauthn:extension:minPinLength: true, webauthn:extension:prf: true, webauthn:virtualAuthenticators: true}
Element: [[ChromeDriver: chrome on windows (afe45a7379cc503e62e7d02667cc711f)] -> xpath: //ul[@class='nav nav-tabs navlistscroll']//li[1]]
Session ID: afe45a7379cc503e62e7d02667cc711f
	at org.openqa.selenium.remote.ErrorCodec.decode(ErrorCodec.java:169)
	at org.openqa.selenium.remote.codec.w3c.W3CHttpResponseCodec.decode(W3CHttpResponseCodec.java:142)
	at org.openqa.selenium.remote.codec.w3c.W3CHttpResponseCodec.decode(W3CHttpResponseCodec.java:49)
	at org.openqa.selenium.remote.HttpCommandExecutor.execute(HttpCommandExecutor.java:223)
	at org.openqa.selenium.remote.service.DriverCommandExecutor.invokeExecute(DriverCommandExecutor.java:216)
	at org.openqa.selenium.remote.service.DriverCommandExecutor.execute(DriverCommandExecutor.java:174)
	at org.openqa.selenium.remote.RemoteWebDriver.execute(RemoteWebDriver.java:606)
	at org.openqa.selenium.remote.RemoteWebElement.execute(RemoteWebElement.java:223)
	at org.openqa.selenium.remote.RemoteWebElement.click(RemoteWebElement.java:76)
	at java.base/jdk.internal.reflect.DirectMethodHandleAccessor.invoke(DirectMethodHandleAccessor.java:104)
	at java.base/java.lang.reflect.Method.invoke(Method.java:565)
	at org.openqa.selenium.support.pagefactory.internal.LocatingElementHandler.invoke(LocatingElementHandler.java:51)
	at jdk.proxy2/jdk.proxy2.$Proxy26.click(Unknown Source)
	at actions.BaseAction.clickfb(BaseAction.java:49)
	at actions.AppointmentFilterAction.clicktdyapp(AppointmentFilterAction.java:39)
	at definitions.AppointmentFilterDef.user_clicks_on_the_today_appointment_filter(AppointmentFilterDef.java:53)
	at ✽.user clicks on the Today Appointment filter(file:///D:/Automation_Project/Automation-Testing-Project/src/test/resources/features/Appointmentfilter.feature:14)

runner.TestRunner.runScenario["Validate upcoming appointment filter", "Muhindhar_13-05-2026_Appointment Filter Functionality"](2) -- Time elapsed: 9.208 s <<< FAILURE!
org.openqa.selenium.ElementClickInterceptedException: 
element click intercepted: Element <li>...</li> is not clickable at point (452, 86). Other element would receive the click: <div class="pull-right">...</div>
  (Session info: chrome=148.0.7778.168)
Build info: version: '4.43.0', revision: 'dd0f534'
System info: os.name: 'Windows 11', os.arch: 'amd64', os.version: '10.0', java.version: '25.0.2'
Driver info: org.openqa.selenium.chrome.ChromeDriver
Command: [b804cada3d7dae1b940eb79b187fb324, clickElement {id=f.6731A0771248E983D7F9E9593BAEC09B.d.06149DCEDEA9D53AE5C093F28674FE2E.e.319}]
Capabilities {acceptInsecureCerts: false, browserName: chrome, browserVersion: 148.0.7778.168, chrome: {chromedriverVersion: 148.0.7778.167 (65db666ac2c..., userDataDir: C:\Users\MUHIND~1\AppData\L...}, fedcm:accounts: true, goog:chromeOptions: {debuggerAddress: localhost:10499}, goog:processID: 37324, networkConnectionEnabled: false, pageLoadStrategy: normal, platformName: windows, proxy: Proxy(), se:cdp: ws://localhost:10499/devtoo..., se:cdpVersion: 148.0.7778.168, setWindowRect: true, strictFileInteractability: false, timeouts: {implicit: 0, pageLoad: 300000, script: 30000}, unhandledPromptBehavior: dismiss and notify, webauthn:extension:credBlob: true, webauthn:extension:largeBlob: true, webauthn:extension:minPinLength: true, webauthn:extension:prf: true, webauthn:virtualAuthenticators: true}
Element: [[ChromeDriver: chrome on windows (b804cada3d7dae1b940eb79b187fb324)] -> xpath: //ul[@class='nav nav-tabs navlistscroll']//li[2]]
Session ID: b804cada3d7dae1b940eb79b187fb324
	at org.openqa.selenium.remote.ErrorCodec.decode(ErrorCodec.java:169)
	at org.openqa.selenium.remote.codec.w3c.W3CHttpResponseCodec.decode(W3CHttpResponseCodec.java:142)
	at org.openqa.selenium.remote.codec.w3c.W3CHttpResponseCodec.decode(W3CHttpResponseCodec.java:49)
	at org.openqa.selenium.remote.HttpCommandExecutor.execute(HttpCommandExecutor.java:223)
	at org.openqa.selenium.remote.service.DriverCommandExecutor.invokeExecute(DriverCommandExecutor.java:216)
	at org.openqa.selenium.remote.service.DriverCommandExecutor.execute(DriverCommandExecutor.java:174)
	at org.openqa.selenium.remote.RemoteWebDriver.execute(RemoteWebDriver.java:606)
	at org.openqa.selenium.remote.RemoteWebElement.execute(RemoteWebElement.java:223)
	at org.openqa.selenium.remote.RemoteWebElement.click(RemoteWebElement.java:76)
	at java.base/jdk.internal.reflect.DirectMethodHandleAccessor.invoke(DirectMethodHandleAccessor.java:104)
	at java.base/java.lang.reflect.Method.invoke(Method.java:565)
	at org.openqa.selenium.support.pagefactory.internal.LocatingElementHandler.invoke(LocatingElementHandler.java:51)
	at jdk.proxy2/jdk.proxy2.$Proxy26.click(Unknown Source)
	at actions.BaseAction.clickfb(BaseAction.java:49)
	at actions.AppointmentFilterAction.clickupapp(AppointmentFilterAction.java:44)
	at definitions.AppointmentFilterDef.user_clicks_on_the_upcoming_appointment_filter(AppointmentFilterDef.java:69)
	at ✽.user clicks on the Upcoming Appointment filter(file:///D:/Automation_Project/Automation-Testing-Project/src/test/resources/features/Appointmentfilter.feature:19)

runner.TestRunner.runScenario["Validate old appointment filter", "Muhindhar_13-05-2026_Appointment Filter Functionality"](3) -- Time elapsed: 9.497 s <<< FAILURE!
org.openqa.selenium.ElementClickInterceptedException: 
element click intercepted: Element <li>...</li> is not clickable at point (606, 86). Other element would receive the click: <a data-target="modal" data-placement="bottom" data-toggle="tooltip" href="#" id="beddata" data-original-title="Bed Status" data-loading-text="&lt;i class='fa fa-spinner fa-spin '&gt;&lt;/i&gt; Loading..." onclick="getbedstatus()">...</a>
  (Session info: chrome=148.0.7778.168)
Build info: version: '4.43.0', revision: 'dd0f534'
System info: os.name: 'Windows 11', os.arch: 'amd64', os.version: '10.0', java.version: '25.0.2'
Driver info: org.openqa.selenium.chrome.ChromeDriver
Command: [57fa00624187fc6c825f255cde1e65a7, clickElement {id=f.295157508C475A7A0DB3A29BE7DA5A98.d.A12C821F06EA2610B5AC1E3CB045773C.e.332}]
Capabilities {acceptInsecureCerts: false, browserName: chrome, browserVersion: 148.0.7778.168, chrome: {chromedriverVersion: 148.0.7778.167 (65db666ac2c..., userDataDir: C:\Users\MUHIND~1\AppData\L...}, fedcm:accounts: true, goog:chromeOptions: {debuggerAddress: localhost:10938}, goog:processID: 21912, networkConnectionEnabled: false, pageLoadStrategy: normal, platformName: windows, proxy: Proxy(), se:cdp: ws://localhost:10938/devtoo..., se:cdpVersion: 148.0.7778.168, setWindowRect: true, strictFileInteractability: false, timeouts: {implicit: 0, pageLoad: 300000, script: 30000}, unhandledPromptBehavior: dismiss and notify, webauthn:extension:credBlob: true, webauthn:extension:largeBlob: true, webauthn:extension:minPinLength: true, webauthn:extension:prf: true, webauthn:virtualAuthenticators: true}
Element: [[ChromeDriver: chrome on windows (57fa00624187fc6c825f255cde1e65a7)] -> xpath: //ul[@class='nav nav-tabs navlistscroll']//li[3]]
Session ID: 57fa00624187fc6c825f255cde1e65a7
	at org.openqa.selenium.remote.ErrorCodec.decode(ErrorCodec.java:169)
	at org.openqa.selenium.remote.codec.w3c.W3CHttpResponseCodec.decode(W3CHttpResponseCodec.java:142)
	at org.openqa.selenium.remote.codec.w3c.W3CHttpResponseCodec.decode(W3CHttpResponseCodec.java:49)
	at org.openqa.selenium.remote.HttpCommandExecutor.execute(HttpCommandExecutor.java:223)
	at org.openqa.selenium.remote.service.DriverCommandExecutor.invokeExecute(DriverCommandExecutor.java:216)
	at org.openqa.selenium.remote.service.DriverCommandExecutor.execute(DriverCommandExecutor.java:174)
	at org.openqa.selenium.remote.RemoteWebDriver.execute(RemoteWebDriver.java:606)
	at org.openqa.selenium.remote.RemoteWebElement.execute(RemoteWebElement.java:223)
	at org.openqa.selenium.remote.RemoteWebElement.click(RemoteWebElement.java:76)
	at java.base/jdk.internal.reflect.DirectMethodHandleAccessor.invoke(DirectMethodHandleAccessor.java:104)
	at java.base/java.lang.reflect.Method.invoke(Method.java:565)
	at org.openqa.selenium.support.pagefactory.internal.LocatingElementHandler.invoke(LocatingElementHandler.java:51)
	at jdk.proxy2/jdk.proxy2.$Proxy26.click(Unknown Source)
	at actions.BaseAction.clickfb(BaseAction.java:49)
	at actions.AppointmentFilterAction.clickoldapp(AppointmentFilterAction.java:49)
	at definitions.AppointmentFilterDef.user_clicks_on_the_old_appointment_filter(AppointmentFilterDef.java:85)
	at ✽.user clicks on the Old Appointment filter(file:///D:/Automation_Project/Automation-Testing-Project/src/test/resources/features/Appointmentfilter.feature:24)

runner.TestRunner.runScenario["Download appointment filter in different formats", "Muhindhar_13-05-2026_Downloading the PDF (Printing)"](4) -- Time elapsed: 8.960 s <<< FAILURE!
org.openqa.selenium.ElementClickInterceptedException: 
element click intercepted: Element <li>...</li> is not clickable at point (606, 86). Other element would receive the click: <a data-target="modal" data-placement="bottom" data-toggle="tooltip" href="#" id="beddata" data-original-title="Bed Status" data-loading-text="&lt;i class='fa fa-spinner fa-spin '&gt;&lt;/i&gt; Loading..." onclick="getbedstatus()">...</a>
  (Session info: chrome=148.0.7778.168)
Build info: version: '4.43.0', revision: 'dd0f534'
System info: os.name: 'Windows 11', os.arch: 'amd64', os.version: '10.0', java.version: '25.0.2'
Driver info: org.openqa.selenium.chrome.ChromeDriver
Command: [8aeaf74d6367fd530be32a1716461d10, clickElement {id=f.67AD9E118178338C1B96578547ABAABA.d.A586D5CE7E1D4C5A4D0ABA6602E8701E.e.319}]
Capabilities {acceptInsecureCerts: false, browserName: chrome, browserVersion: 148.0.7778.168, chrome: {chromedriverVersion: 148.0.7778.167 (65db666ac2c..., userDataDir: C:\Users\MUHIND~1\AppData\L...}, fedcm:accounts: true, goog:chromeOptions: {debuggerAddress: localhost:10455}, goog:processID: 37216, networkConnectionEnabled: false, pageLoadStrategy: normal, platformName: windows, proxy: Proxy(), se:cdp: ws://localhost:10455/devtoo..., se:cdpVersion: 148.0.7778.168, setWindowRect: true, strictFileInteractability: false, timeouts: {implicit: 0, pageLoad: 300000, script: 30000}, unhandledPromptBehavior: dismiss and notify, webauthn:extension:credBlob: true, webauthn:extension:largeBlob: true, webauthn:extension:minPinLength: true, webauthn:extension:prf: true, webauthn:virtualAuthenticators: true}
Element: [[ChromeDriver: chrome on windows (8aeaf74d6367fd530be32a1716461d10)] -> xpath: //ul[@class='nav nav-tabs navlistscroll']//li[3]]
Session ID: 8aeaf74d6367fd530be32a1716461d10
	at org.openqa.selenium.remote.ErrorCodec.decode(ErrorCodec.java:169)
	at org.openqa.selenium.remote.codec.w3c.W3CHttpResponseCodec.decode(W3CHttpResponseCodec.java:142)
	at org.openqa.selenium.remote.codec.w3c.W3CHttpResponseCodec.decode(W3CHttpResponseCodec.java:49)
	at org.openqa.selenium.remote.HttpCommandExecutor.execute(HttpCommandExecutor.java:223)
	at org.openqa.selenium.remote.service.DriverCommandExecutor.invokeExecute(DriverCommandExecutor.java:216)
	at org.openqa.selenium.remote.service.DriverCommandExecutor.execute(DriverCommandExecutor.java:174)
	at org.openqa.selenium.remote.RemoteWebDriver.execute(RemoteWebDriver.java:606)
	at org.openqa.selenium.remote.RemoteWebElement.execute(RemoteWebElement.java:223)
	at org.openqa.selenium.remote.RemoteWebElement.click(RemoteWebElement.java:76)
	at actions.BaseAction.click(BaseAction.java:41)
	at actions.DownloadPdfAction.oldapp(DownloadPdfAction.java:50)
	at definitions.DownloadPdfDef.user_clicks_on_filter(DownloadPdfDef.java:36)
	at ✽.user clicks on "Old Appointment" filter(file:///D:/Automation_Project/Automation-Testing-Project/src/test/resources/features/DownloadPdf.feature:12)

runner.TestRunner.runScenario["Download appointment filter in different formats", "Muhindhar_13-05-2026_Downloading the PDF (Printing)"](5) -- Time elapsed: 8.441 s <<< FAILURE!
org.openqa.selenium.ElementClickInterceptedException: 
element click intercepted: Element <li>...</li> is not clickable at point (452, 86). Other element would receive the click: <div class="pull-right">...</div>
  (Session info: chrome=148.0.7778.168)
Build info: version: '4.43.0', revision: 'dd0f534'
System info: os.name: 'Windows 11', os.arch: 'amd64', os.version: '10.0', java.version: '25.0.2'
Driver info: org.openqa.selenium.chrome.ChromeDriver
Command: [18dbd1716ffe26f44239943be9a25561, clickElement {id=f.99EE60AD8EC8A6718B52BFF2BE6348A9.d.BE0466044D20C15CE26E427B88B6139E.e.320}]
Capabilities {acceptInsecureCerts: false, browserName: chrome, browserVersion: 148.0.7778.168, chrome: {chromedriverVersion: 148.0.7778.167 (65db666ac2c..., userDataDir: C:\Users\MUHIND~1\AppData\L...}, fedcm:accounts: true, goog:chromeOptions: {debuggerAddress: localhost:11917}, goog:processID: 2064, networkConnectionEnabled: false, pageLoadStrategy: normal, platformName: windows, proxy: Proxy(), se:cdp: ws://localhost:11917/devtoo..., se:cdpVersion: 148.0.7778.168, setWindowRect: true, strictFileInteractability: false, timeouts: {implicit: 0, pageLoad: 300000, script: 30000}, unhandledPromptBehavior: dismiss and notify, webauthn:extension:credBlob: true, webauthn:extension:largeBlob: true, webauthn:extension:minPinLength: true, webauthn:extension:prf: true, webauthn:virtualAuthenticators: true}
Element: [[ChromeDriver: chrome on windows (18dbd1716ffe26f44239943be9a25561)] -> xpath: //ul[@class='nav nav-tabs navlistscroll']//li[2]]
Session ID: 18dbd1716ffe26f44239943be9a25561
	at org.openqa.selenium.remote.ErrorCodec.decode(ErrorCodec.java:169)
	at org.openqa.selenium.remote.codec.w3c.W3CHttpResponseCodec.decode(W3CHttpResponseCodec.java:142)
	at org.openqa.selenium.remote.codec.w3c.W3CHttpResponseCodec.decode(W3CHttpResponseCodec.java:49)
	at org.openqa.selenium.remote.HttpCommandExecutor.execute(HttpCommandExecutor.java:223)
	at org.openqa.selenium.remote.service.DriverCommandExecutor.invokeExecute(DriverCommandExecutor.java:216)
	at org.openqa.selenium.remote.service.DriverCommandExecutor.execute(DriverCommandExecutor.java:174)
	at org.openqa.selenium.remote.RemoteWebDriver.execute(RemoteWebDriver.java:606)
	at org.openqa.selenium.remote.RemoteWebElement.execute(RemoteWebElement.java:223)
	at org.openqa.selenium.remote.RemoteWebElement.click(RemoteWebElement.java:76)
	at actions.BaseAction.click(BaseAction.java:41)
	at actions.DownloadPdfAction.upcapp(DownloadPdfAction.java:42)
	at definitions.DownloadPdfDef.user_clicks_on_filter(DownloadPdfDef.java:40)
	at ✽.user clicks on "Upcoming Appointment" filter(file:///D:/Automation_Project/Automation-Testing-Project/src/test/resources/features/DownloadPdf.feature:12)

runner.TestRunner.runScenario["Download appointment filter in different formats", "Muhindhar_13-05-2026_Downloading the PDF (Printing)"](6) -- Time elapsed: 9.293 s <<< FAILURE!
org.openqa.selenium.ElementClickInterceptedException: 
element click intercepted: Element <li class="active">...</li> is not clickable at point (290, 86). Other element would receive the click: <nav class="navbar navbar-static-top" role="navigation">...</nav>
  (Session info: chrome=148.0.7778.168)
Build info: version: '4.43.0', revision: 'dd0f534'
System info: os.name: 'Windows 11', os.arch: 'amd64', os.version: '10.0', java.version: '25.0.2'
Driver info: org.openqa.selenium.chrome.ChromeDriver
Command: [61b26b95a25ec8b75d0491c1f4a9e8b5, clickElement {id=f.5B31715D94C008790E33AB73EADB6AB3.d.9A0F6097EAC5E7075F6F4E846F62676D.e.309}]
Capabilities {acceptInsecureCerts: false, browserName: chrome, browserVersion: 148.0.7778.168, chrome: {chromedriverVersion: 148.0.7778.167 (65db666ac2c..., userDataDir: C:\Users\MUHIND~1\AppData\L...}, fedcm:accounts: true, goog:chromeOptions: {debuggerAddress: localhost:2062}, goog:processID: 21220, networkConnectionEnabled: false, pageLoadStrategy: normal, platformName: windows, proxy: Proxy(), se:cdp: ws://localhost:2062/devtool..., se:cdpVersion: 148.0.7778.168, setWindowRect: true, strictFileInteractability: false, timeouts: {implicit: 0, pageLoad: 300000, script: 30000}, unhandledPromptBehavior: dismiss and notify, webauthn:extension:credBlob: true, webauthn:extension:largeBlob: true, webauthn:extension:minPinLength: true, webauthn:extension:prf: true, webauthn:virtualAuthenticators: true}
Element: [[ChromeDriver: chrome on windows (61b26b95a25ec8b75d0491c1f4a9e8b5)] -> xpath: //ul[@class='nav nav-tabs navlistscroll']//li[1]]
Session ID: 61b26b95a25ec8b75d0491c1f4a9e8b5
	at org.openqa.selenium.remote.ErrorCodec.decode(ErrorCodec.java:169)
	at org.openqa.selenium.remote.codec.w3c.W3CHttpResponseCodec.decode(W3CHttpResponseCodec.java:142)
	at org.openqa.selenium.remote.codec.w3c.W3CHttpResponseCodec.decode(W3CHttpResponseCodec.java:49)
	at org.openqa.selenium.remote.HttpCommandExecutor.execute(HttpCommandExecutor.java:223)
	at org.openqa.selenium.remote.service.DriverCommandExecutor.invokeExecute(DriverCommandExecutor.java:216)
	at org.openqa.selenium.remote.service.DriverCommandExecutor.execute(DriverCommandExecutor.java:174)
	at org.openqa.selenium.remote.RemoteWebDriver.execute(RemoteWebDriver.java:606)
	at org.openqa.selenium.remote.RemoteWebElement.execute(RemoteWebElement.java:223)
	at org.openqa.selenium.remote.RemoteWebElement.click(RemoteWebElement.java:76)
	at actions.BaseAction.click(BaseAction.java:41)
	at actions.DownloadPdfAction.tdyapp(DownloadPdfAction.java:34)
	at definitions.DownloadPdfDef.user_clicks_on_filter(DownloadPdfDef.java:44)
	at ✽.user clicks on "Today Appointment" filter(file:///D:/Automation_Project/Automation-Testing-Project/src/test/resources/features/DownloadPdf.feature:12)

runner.TestRunner.runScenario["Add complaint using excel data", "Muhindhar_16-05-2026_Add a complaint in the front office page"](7) -- Time elapsed: 13.87 s <<< FAILURE!
org.openqa.selenium.TimeoutException: 
Expected condition failed: waiting for element found by By.xpath: //li[contains(@class,'treeview')][12] to be clickable, but the element was not visible.
(tried for 10 seconds with 500 milliseconds interval)
Build info: version: '4.43.0', revision: 'dd0f534'
System info: os.name: 'Windows 11', os.arch: 'amd64', os.version: '10.0', java.version: '25.0.2'
Driver info: org.openqa.selenium.chrome.ChromeDriver
Capabilities {acceptInsecureCerts: false, browserName: chrome, browserVersion: 148.0.7778.168, chrome: {chromedriverVersion: 148.0.7778.167 (65db666ac2c..., userDataDir: C:\Users\MUHIND~1\AppData\L...}, fedcm:accounts: true, goog:chromeOptions: {debuggerAddress: localhost:3060}, goog:processID: 18388, networkConnectionEnabled: false, pageLoadStrategy: normal, platformName: windows, proxy: Proxy(), se:cdp: ws://localhost:3060/devtool..., se:cdpVersion: 148.0.7778.168, setWindowRect: true, strictFileInteractability: false, timeouts: {implicit: 0, pageLoad: 300000, script: 30000}, unhandledPromptBehavior: dismiss and notify, webauthn:extension:credBlob: true, webauthn:extension:largeBlob: true, webauthn:extension:minPinLength: true, webauthn:extension:prf: true, webauthn:virtualAuthenticators: true}
Session ID: 201deb16efcdcb564a8346b324e0eab1
	at org.openqa.selenium.support.ui.WebDriverWait.timeoutException(WebDriverWait.java:85)
	at org.openqa.selenium.support.ui.FluentWait.until(FluentWait.java:234)
	at actions.BaseAction.click(BaseAction.java:39)
	at actions.CallLogFrontofcActions.frontofclink(CallLogFrontofcActions.java:34)
	at definitions.CallLogfrontofc.user_navigates_to_the_front_office_link(CallLogfrontofc.java:36)
	at ✽.user navigates to the front office link(file:///D:/Automation_Project/Automation-Testing-Project/src/test/resources/features/FoComplaint.feature:8)

runner.TestRunner.runScenario["add outgoing call log", "Muhindhar_16-05-2026_To check the call log in the front office module"](8) -- Time elapsed: 19.77 s <<< FAILURE!
org.openqa.selenium.TimeoutException: 
Expected condition failed: waiting for element found by By.xpath: //li[contains(@class,'treeview')][12] to be clickable, but the element was not visible.
(tried for 10 seconds with 500 milliseconds interval)
Build info: version: '4.43.0', revision: 'dd0f534'
System info: os.name: 'Windows 11', os.arch: 'amd64', os.version: '10.0', java.version: '25.0.2'
Driver info: org.openqa.selenium.chrome.ChromeDriver
Capabilities {acceptInsecureCerts: false, browserName: chrome, browserVersion: 148.0.7778.168, chrome: {chromedriverVersion: 148.0.7778.167 (65db666ac2c..., userDataDir: C:\Users\MUHIND~1\AppData\L...}, fedcm:accounts: true, goog:chromeOptions: {debuggerAddress: localhost:14980}, goog:processID: 42240, networkConnectionEnabled: false, pageLoadStrategy: normal, platformName: windows, proxy: Proxy(), se:cdp: ws://localhost:14980/devtoo..., se:cdpVersion: 148.0.7778.168, setWindowRect: true, strictFileInteractability: false, timeouts: {implicit: 0, pageLoad: 300000, script: 30000}, unhandledPromptBehavior: dismiss and notify, webauthn:extension:credBlob: true, webauthn:extension:largeBlob: true, webauthn:extension:minPinLength: true, webauthn:extension:prf: true, webauthn:virtualAuthenticators: true}
Session ID: b92ccf9f96609c3d59c39270ae324bf0
	at org.openqa.selenium.support.ui.WebDriverWait.timeoutException(WebDriverWait.java:85)
	at org.openqa.selenium.support.ui.FluentWait.until(FluentWait.java:234)
	at actions.BaseAction.click(BaseAction.java:39)
	at actions.CallLogFrontofcActions.frontofclink(CallLogFrontofcActions.java:34)
	at definitions.CallLogfrontofc.user_navigates_to_the_front_office_link(CallLogfrontofc.java:36)
	at ✽.user navigates to the front office link(file:///D:/Automation_Project/Automation-Testing-Project/src/test/resources/features/FrontOfcCallLog.feature:9)

runner.TestRunner.runScenario["Validate mandatory field error messages", "Muhindhar_16-05-2026_To check the call log in the front office module"](9) -- Time elapsed: 15.92 s <<< FAILURE!
org.openqa.selenium.TimeoutException: 
Expected condition failed: waiting for element found by By.xpath: //li[contains(@class,'treeview')][12] to be clickable, but the element was not visible.
(tried for 10 seconds with 500 milliseconds interval)
Build info: version: '4.43.0', revision: 'dd0f534'
System info: os.name: 'Windows 11', os.arch: 'amd64', os.version: '10.0', java.version: '25.0.2'
Driver info: org.openqa.selenium.chrome.ChromeDriver
Capabilities {acceptInsecureCerts: false, browserName: chrome, browserVersion: 148.0.7778.168, chrome: {chromedriverVersion: 148.0.7778.167 (65db666ac2c..., userDataDir: C:\Users\MUHIND~1\AppData\L...}, fedcm:accounts: true, goog:chromeOptions: {debuggerAddress: localhost:1700}, goog:processID: 13620, networkConnectionEnabled: false, pageLoadStrategy: normal, platformName: windows, proxy: Proxy(), se:cdp: ws://localhost:1700/devtool..., se:cdpVersion: 148.0.7778.168, setWindowRect: true, strictFileInteractability: false, timeouts: {implicit: 0, pageLoad: 300000, script: 30000}, unhandledPromptBehavior: dismiss and notify, webauthn:extension:credBlob: true, webauthn:extension:largeBlob: true, webauthn:extension:minPinLength: true, webauthn:extension:prf: true, webauthn:virtualAuthenticators: true}
Session ID: 2b4cf842798b11035e3132ef9a48b060
	at org.openqa.selenium.support.ui.WebDriverWait.timeoutException(WebDriverWait.java:85)
	at org.openqa.selenium.support.ui.FluentWait.until(FluentWait.java:234)
	at actions.BaseAction.click(BaseAction.java:39)
	at actions.CallLogFrontofcActions.frontofclink(CallLogFrontofcActions.java:34)
	at definitions.CallLogfrontofc.user_navigates_to_the_front_office_link(CallLogfrontofc.java:36)
	at ✽.user navigates to the front office link(file:///D:/Automation_Project/Automation-Testing-Project/src/test/resources/features/FrontOfcCallLog.feature:9)

runner.TestRunner.runScenario["Download reports", "Muhindhar_16-05-2026_Downloading report from the front office"](10) -- Time elapsed: 18.96 s <<< FAILURE!
org.openqa.selenium.TimeoutException: 
Expected condition failed: waiting for element found by By.xpath: //li[contains(@class,'treeview')][12] to be clickable, but the element was not visible.
(tried for 10 seconds with 500 milliseconds interval)
Build info: version: '4.43.0', revision: 'dd0f534'
System info: os.name: 'Windows 11', os.arch: 'amd64', os.version: '10.0', java.version: '25.0.2'
Driver info: org.openqa.selenium.chrome.ChromeDriver
Capabilities {acceptInsecureCerts: false, browserName: chrome, browserVersion: 148.0.7778.168, chrome: {chromedriverVersion: 148.0.7778.167 (65db666ac2c..., userDataDir: C:\Users\MUHIND~1\AppData\L...}, fedcm:accounts: true, goog:chromeOptions: {debuggerAddress: localhost:3691}, goog:processID: 40600, networkConnectionEnabled: false, pageLoadStrategy: normal, platformName: windows, proxy: Proxy(), se:cdp: ws://localhost:3691/devtool..., se:cdpVersion: 148.0.7778.168, setWindowRect: true, strictFileInteractability: false, timeouts: {implicit: 0, pageLoad: 300000, script: 30000}, unhandledPromptBehavior: dismiss and notify, webauthn:extension:credBlob: true, webauthn:extension:largeBlob: true, webauthn:extension:minPinLength: true, webauthn:extension:prf: true, webauthn:virtualAuthenticators: true}
Session ID: b920990260e3e7c9e982d8207473dc7f
	at org.openqa.selenium.support.ui.WebDriverWait.timeoutException(WebDriverWait.java:85)
	at org.openqa.selenium.support.ui.FluentWait.until(FluentWait.java:234)
	at actions.BaseAction.click(BaseAction.java:39)
	at actions.CallLogFrontofcActions.frontofclink(CallLogFrontofcActions.java:34)
	at definitions.CallLogfrontofc.user_navigates_to_the_front_office_link(CallLogfrontofc.java:36)
	at ✽.user navigates to the front office link(file:///D:/Automation_Project/Automation-Testing-Project/src/test/resources/features/ReportFrontOfc.feature:8)

runner.TestRunner.runScenario["Download reports", "Muhindhar_16-05-2026_Downloading report from the front office"](11) -- Time elapsed: 15.82 s <<< FAILURE!
org.openqa.selenium.TimeoutException: 
Expected condition failed: waiting for element found by By.xpath: //li[contains(@class,'treeview')][12] to be clickable, but the element was not visible.
(tried for 10 seconds with 500 milliseconds interval)
Build info: version: '4.43.0', revision: 'dd0f534'
System info: os.name: 'Windows 11', os.arch: 'amd64', os.version: '10.0', java.version: '25.0.2'
Driver info: org.openqa.selenium.chrome.ChromeDriver
Capabilities {acceptInsecureCerts: false, browserName: chrome, browserVersion: 148.0.7778.168, chrome: {chromedriverVersion: 148.0.7778.167 (65db666ac2c..., userDataDir: C:\Users\MUHIND~1\AppData\L...}, fedcm:accounts: true, goog:chromeOptions: {debuggerAddress: localhost:11705}, goog:processID: 39136, networkConnectionEnabled: false, pageLoadStrategy: normal, platformName: windows, proxy: Proxy(), se:cdp: ws://localhost:11705/devtoo..., se:cdpVersion: 148.0.7778.168, setWindowRect: true, strictFileInteractability: false, timeouts: {implicit: 0, pageLoad: 300000, script: 30000}, unhandledPromptBehavior: dismiss and notify, webauthn:extension:credBlob: true, webauthn:extension:largeBlob: true, webauthn:extension:minPinLength: true, webauthn:extension:prf: true, webauthn:virtualAuthenticators: true}
Session ID: e09d73925e66f8dd565e76645bc87c1a
	at org.openqa.selenium.support.ui.WebDriverWait.timeoutException(WebDriverWait.java:85)
	at org.openqa.selenium.support.ui.FluentWait.until(FluentWait.java:234)
	at actions.BaseAction.click(BaseAction.java:39)
	at actions.CallLogFrontofcActions.frontofclink(CallLogFrontofcActions.java:34)
	at definitions.CallLogfrontofc.user_navigates_to_the_front_office_link(CallLogfrontofc.java:36)
	at ✽.user navigates to the front office link(file:///D:/Automation_Project/Automation-Testing-Project/src/test/resources/features/ReportFrontOfc.feature:8)

runner.TestRunner.runScenario["Download reports", "Muhindhar_16-05-2026_Downloading report from the front office"](12) -- Time elapsed: 19.15 s <<< FAILURE!
org.openqa.selenium.TimeoutException: 
Expected condition failed: waiting for element found by By.xpath: //li[contains(@class,'treeview')][12] to be clickable, but the element was not visible.
(tried for 10 seconds with 500 milliseconds interval)
Build info: version: '4.43.0', revision: 'dd0f534'
System info: os.name: 'Windows 11', os.arch: 'amd64', os.version: '10.0', java.version: '25.0.2'
Driver info: org.openqa.selenium.chrome.ChromeDriver
Capabilities {acceptInsecureCerts: false, browserName: chrome, browserVersion: 148.0.7778.168, chrome: {chromedriverVersion: 148.0.7778.167 (65db666ac2c..., userDataDir: C:\Users\MUHIND~1\AppData\L...}, fedcm:accounts: true, goog:chromeOptions: {debuggerAddress: localhost:7343}, goog:processID: 31404, networkConnectionEnabled: false, pageLoadStrategy: normal, platformName: windows, proxy: Proxy(), se:cdp: ws://localhost:7343/devtool..., se:cdpVersion: 148.0.7778.168, setWindowRect: true, strictFileInteractability: false, timeouts: {implicit: 0, pageLoad: 300000, script: 30000}, unhandledPromptBehavior: dismiss and notify, webauthn:extension:credBlob: true, webauthn:extension:largeBlob: true, webauthn:extension:minPinLength: true, webauthn:extension:prf: true, webauthn:virtualAuthenticators: true}
Session ID: 6ff06bbf23305045c9924746c7fafbe5
	at org.openqa.selenium.support.ui.WebDriverWait.timeoutException(WebDriverWait.java:85)
	at org.openqa.selenium.support.ui.FluentWait.until(FluentWait.java:234)
	at actions.BaseAction.click(BaseAction.java:39)
	at actions.CallLogFrontofcActions.frontofclink(CallLogFrontofcActions.java:34)
	at definitions.CallLogfrontofc.user_navigates_to_the_front_office_link(CallLogfrontofc.java:36)
	at ✽.user navigates to the front office link(file:///D:/Automation_Project/Automation-Testing-Project/src/test/resources/features/ReportFrontOfc.feature:8)

runner.TestRunner.runScenario["Verify login functionality for multiple user roles", "M_VIGNESHWARAN_2026_05_05_SmartHospital_LoginFeature"](22) -- Time elapsed: 9.479 s <<< FAILURE!
java.lang.AssertionError: expected [true] but found [false]
	at org.testng.Assert.fail(Assert.java:111)
	at org.testng.Assert.failNotEquals(Assert.java:1590)
	at org.testng.Assert.assertTrue(Assert.java:57)
	at org.testng.Assert.assertTrue(Assert.java:67)
	at definitions.LoginStepDefinition.the_user_should_be_redirected_to_the_dashboard(LoginStepDefinition.java:85)
	at ✽.the user should be redirected to the dashboard(file:///D:/Automation_Project/Automation-Testing-Project/src/test/resources/features/login/login.feature:48)

runner.TestRunner.runScenario["Verify login functionality for multiple user roles", "M_VIGNESHWARAN_2026_05_05_SmartHospital_LoginFeature"](26) -- Time elapsed: 5.733 s <<< FAILURE!
java.lang.AssertionError: expected [true] but found [false]
	at org.testng.Assert.fail(Assert.java:111)
	at org.testng.Assert.failNotEquals(Assert.java:1590)
	at org.testng.Assert.assertTrue(Assert.java:57)
	at org.testng.Assert.assertTrue(Assert.java:67)
	at definitions.LoginStepDefinition.the_user_should_be_redirected_to_the_dashboard(LoginStepDefinition.java:85)
	at ✽.the user should be redirected to the dashboard(file:///D:/Automation_Project/Automation-Testing-Project/src/test/resources/features/login/login.feature:48)

