<?xml version="1.0" encoding="UTF-8"?>
<testsuite xmlns:xsi="http://www.w3.org/2001/XMLSchema-instance" xsi:noNamespaceSchemaLocation="https://maven.apache.org/surefire/maven-surefire-plugin/xsd/surefire-test-report-3.0.xsd" version="3.0" name="TestSuite" time="276.45" tests="26" errors="0" skipped="0" failures="14">
  <properties>
[...]
</properties>
  <testcase name="runScenario[&quot;Validate today appointment filter&quot;, &quot;Muhindhar_13-05-2026_Appointment Filter Functionality&quot;](1)" classname="runner.TestRunner" time="11.541">
    <failure message="element click intercepted: Element &lt;li class=&quot;active&quot;&gt;...&lt;/li&gt; is not clickable at point (290, 86). Other element would receive the click: &lt;nav class=&quot;navbar navbar-static-top&quot; role=&quot;navigation&quot;&gt;...&lt;/nav&gt;&#10;  (Session info: chrome=148.0.7778.168)&#10;Build info: version: &apos;4.43.0&apos;, revision: &apos;dd0f534&apos;&#10;System info: os.name: &apos;Windows 11&apos;, os.arch: &apos;amd64&apos;, os.version: &apos;10.0&apos;, java.version: &apos;25.0.2&apos;&#10;Driver info: org.openqa.selenium.chrome.ChromeDriver&#10;Command: [afe45a7379cc503e62e7d02667cc711f, clickElement {id=f.B2BAE508510719300EDFA6121FD430E8.d.88E3C3D6C49D3F321DC555ABC0CD33C1.e.318}]&#10;Capabilities {acceptInsecureCerts: false, browserName: chrome, browserVersion: 148.0.7778.168, chrome: {chromedriverVersion: 148.0.7778.167 (65db666ac2c..., userDataDir: C:\Users\MUHIND~1\AppData\L...}, fedcm:accounts: true, goog:chromeOptions: {debuggerAddress: localhost:9134}, goog:processID: 29960, networkConnectionEnabled: false, pageLoadStrategy: normal, platformName: windows, proxy: Proxy(), se:cdp: ws://localhost:9134/devtool..., se:cdpVersion: 148.0.7778.168, setWindowRect: true, strictFileInteractability: false, timeouts: {implicit: 0, pageLoad: 300000, script: 30000}, unhandledPromptBehavior: dismiss and notify, webauthn:extension:credBlob: true, webauthn:extension:largeBlob: true, webauthn:extension:minPinLength: true, webauthn:extension:prf: true, webauthn:virtualAuthenticators: true}&#10;Element: [[ChromeDriver: chrome on windows (afe45a7379cc503e62e7d02667cc711f)] -&gt; xpath: //ul[@class=&apos;nav nav-tabs navlistscroll&apos;]//li[1]]&#10;Session ID: afe45a7379cc503e62e7d02667cc711f" type="org.openqa.selenium.ElementClickInterceptedException"><![CDATA[org.openqa.selenium.ElementClickInterceptedException: 
element click intercepted: Element <li class="active">...</li> is not clickable at point (290, 86). Other element would receive the click: <nav class="navbar navbar-static-top" role="navigation">...</nav>
  (Session info: chrome=148.0.7778.168)
Build info: version: '4.43.0', revision: 'dd0f534'
System info: os.name: 'Windows 11', os.arch: 'amd64', os.version: '10.0', java.version: '25.0.2'
Driver info: org.openqa.selenium.chrome.ChromeDriver
Command: [afe45a7379cc503e62e7d02667cc711f, clickElement {id=f.B2BAE508510719300EDFA6121FD430E8.d.88E3C3D6C49D3F321DC555ABC0CD33C1.e.318}]
Capabilities {acceptInsecureCerts: false, browserName: chrome, browserVersion: 148.0.7778.168, chrome: {chromedriverVersion: 148.0.7778.167 (65db666ac2c..., userDataDir: C:\Users\MUHIND~1\AppData\L...}, fedcm:accounts: true, goog:chromeOptions: {debuggerAddress: localhost:9134}, goog:processID: 29960, networkConnectionEnabled: false, pageLoadStrategy: normal, platformName: windows, proxy: Proxy(), se:cdp: ws://localhost:9134/devtool..., se:cdpVersion: 148.0.7778.168, setWindowRect: true, strictFileInteractability: false, timeouts: {implicit: 0, pageLoad: 300000, script: 30000}, unhandledPromptBehavior: dismiss and notify, webauthn:extension:credBlob: true, webauthn:extension:largeBlob: true, webauthn:extension:minPinLength: true, webauthn:extension:prf: true, webauthn:virtualAuthenticators: true}
Element: [[ChromeDriver: chrome on windows (afe45a7379cc503e62e7d02667cc711f)] -> xpath: //ul[@class='nav nav-tabs navlistscroll']//li[1]]
Session ID: afe45a7379cc503e62e7d02667cc711f
	at org.openqa.selenium.remote.ErrorCodec.decode(ErrorCodec.java:169)
	at org.openqa.selenium.remote.codec.w3c.W3CHttpResponseCodec.decode(W3CHttpResponseCodec.java:142)
	at org.openqa.selenium.remote.codec.w3c.W3CHttpResponseCodec.decode(W3CHttpResponseCodec.java:49)
	at org.openqa.selenium.remote.HttpCommandExecutor.execute(HttpCommandExecutor.java:223)
	at org.openqa.selenium.remote.service.DriverCommandExecutor.invokeExecute(DriverCommandExecutor.java:216)
	at org.openqa.selenium.remote.service.DriverCommandExecutor.execute(DriverCommandExecutor.java:174)
	at org.openqa.selenium.remote.RemoteWebDriver.execute(RemoteWebDriver.java:606)
	at org.openqa.selenium.remote.RemoteWebElement.execute(RemoteWebElement.java:223)
	at org.openqa.selenium.remote.RemoteWebElement.click(RemoteWebElement.java:76)
	at java.base/jdk.internal.reflect.DirectMethodHandleAccessor.invoke(DirectMethodHandleAccessor.java:104)
	at java.base/java.lang.reflect.Method.invoke(Method.java:565)
	at org.openqa.selenium.support.pagefactory.internal.LocatingElementHandler.invoke(LocatingElementHandler.java:51)
	at jdk.proxy2/jdk.proxy2.$Proxy26.click(Unknown Source)
	at actions.BaseAction.clickfb(BaseAction.java:49)
	at actions.AppointmentFilterAction.clicktdyapp(AppointmentFilterAction.java:39)
	at definitions.AppointmentFilterDef.user_clicks_on_the_today_appointment_filter(AppointmentFilterDef.java:53)
	at ✽.user clicks on the Today Appointment filter(file:///D:/Automation_Project/Automation-Testing-Project/src/test/resources/features/Appointmentfilter.feature:14)
]]></failure>
    <system-out><![CDATA[
@TodayAppointmentFilter
Scenario: Validate today appointment filter                     # src/test/resources/features/Appointmentfilter.feature:13
D:\Automation_Project\Automation-Testing-Project\downloads
  ✔ Given the user is on the login page                         # definitions.CommonStepDefinition.the_user_is_on_the_login_page()
[INFO ] 2026-05-17 14:39:15.584 [TestNG-test-CucumberTests-1] HelperClass - Clicking receptionist button
  ✔ And user clicks on receptionist button                      # definitions.AppointmentFilterDef.user_clicks_on_receptionist_button()
[INFO ] 2026-05-17 14:39:15.772 [TestNG-test-CucumberTests-1] HelperClass - Clicking signin button
  ✔ And user clicks on signin button                            # definitions.AppointmentFilterDef.user_clicks_on_signin_button()
[INFO ] 2026-05-17 14:39:15.921 [TestNG-test-CucumberTests-1] HelperClass - Navigated to receptionist dashboard
  ✔ Then user should navigate to receptionist dashboard         # definitions.AppointmentFilterDef.user_should_navigate_to_receptionist_dashboard()
[INFO ] 2026-05-17 14:39:15.923 [TestNG-test-CucumberTests-1] HelperClass - Navigating to appointment section
  ✔ And user navigates to Appointment section                   # definitions.AppointmentFilterDef.user_navigates_to_appointment_section()
[INFO ] 2026-05-17 14:39:20.733 [TestNG-test-CucumberTests-1] HelperClass - Clicking Today Appointment filter
  ✘ When user clicks on the Today Appointment filter            # definitions.AppointmentFilterDef.user_clicks_on_the_today_appointment_filter()
        org.openqa.selenium.ElementClickInterceptedException: element click intercepted: Element <li class="active">...</li> is not clickable at point (290, 86). Other element would receive the click: <nav class="navbar navbar-static-top" role="navigation">...</nav>
          (Session info: chrome=148.0.7778.168)
        Build info: version: '4.43.0', revision: 'dd0f534'
        System info: os.name: 'Windows 11', os.arch: 'amd64', os.version: '10.0', java.version: '25.0.2'
        Driver info: org.openqa.selenium.chrome.ChromeDriver
        Command: [afe45a7379cc503e62e7d02667cc711f, clickElement {id=f.B2BAE508510719300EDFA6121FD430E8.d.88E3C3D6C49D3F321DC555ABC0CD33C1.e.318}]
        Capabilities {acceptInsecureCerts: false, browserName: chrome, browserVersion: 148.0.7778.168, chrome: {chromedriverVersion: 148.0.7778.167 (65db666ac2c..., userDataDir: C:\Users\MUHIND~1\AppData\L...}, fedcm:accounts: true, goog:chromeOptions: {debuggerAddress: localhost:9134}, goog:processID: 29960, networkConnectionEnabled: false, pageLoadStrategy: normal, platformName: windows, proxy: Proxy(), se:cdp: ws://localhost:9134/devtool..., se:cdpVersion: 148.0.7778.168, setWindowRect: true, strictFileInteractability: false, timeouts: {implicit: 0, pageLoad: 300000, script: 30000}, unhandledPromptBehavior: dismiss and notify, webauthn:extension:credBlob: true, webauthn:extension:largeBlob: true, webauthn:extension:minPinLength: true, webauthn:extension:prf: true, webauthn:virtualAuthenticators: true}
        Element: [[ChromeDriver: chrome on windows (afe45a7379cc503e62e7d02667cc711f)] -> xpath: //ul[@class='nav nav-tabs navlistscroll']//li[1]]
        Session ID: afe45a7379cc503e62e7d02667cc711f
        	at org.openqa.selenium.remote.ErrorCodec.decode(ErrorCodec.java:169)
        	at org.openqa.selenium.remote.codec.w3c.W3CHttpResponseCodec.decode(W3CHttpResponseCodec.java:142)
        	at org.openqa.selenium.remote.codec.w3c.W3CHttpResponseCodec.decode(W3CHttpResponseCodec.java:49)
        	at org.openqa.selenium.remote.HttpCommandExecutor.execute(HttpCommandExecutor.java:223)
        	at org.openqa.selenium.remote.service.DriverCommandExecutor.invokeExecute(DriverCommandExecutor.java:216)
        	at org.openqa.selenium.remote.service.DriverCommandExecutor.execute(DriverCommandExecutor.java:174)
        	at org.openqa.selenium.remote.RemoteWebDriver.execute(RemoteWebDriver.java:606)
        	at org.openqa.selenium.remote.RemoteWebElement.execute(RemoteWebElement.java:223)
        	at org.openqa.selenium.remote.RemoteWebElement.click(RemoteWebElement.java:76)
        	at java.base/jdk.internal.reflect.DirectMethodHandleAccessor.invoke(DirectMethodHandleAccessor.java:104)
        	at java.base/java.lang.reflect.Method.invoke(Method.java:565)
        	at org.openqa.selenium.support.pagefactory.internal.LocatingElementHandler.invoke(LocatingElementHandler.java:51)
        	at jdk.proxy2/jdk.proxy2.$Proxy26.click(Unknown Source)
        	at actions.BaseAction.clickfb(BaseAction.java:49)
        	at actions.AppointmentFilterAction.clicktdyapp(AppointmentFilterAction.java:39)
        	at definitions.AppointmentFilterDef.user_clicks_on_the_today_appointment_filter(AppointmentFilterDef.java:53)
        	at ✽.user clicks on the Today Appointment filter(file:///D:/Automation_Project/Automation-Testing-Project/src/test/resources/features/Appointmentfilter.feature:14)
  ↷ Then user should be able to see today's appointment details # definitions.AppointmentFilterDef.user_should_be_able_to_see_today_s_appointment_details()
]]></system-out>
    <system-err><![CDATA[SLF4J(W): No SLF4J providers were found.
SLF4J(W): Defaulting to no-operation (NOP) logger implementation
SLF4J(W): See https://www.slf4j.org/codes.html#noProviders for further details.
May 17, 2026 2:39:13 PM org.openqa.selenium.devtools.CdpVersionFinder findNearestMatch
WARNING: Unable to find an exact match for CDP version 148, returning the closest version; found: 147; Please update to a Selenium version that supports CDP version 148
]]></system-err>
  </testcase>
  <testcase name="runScenario[&quot;Validate upcoming appointment filter&quot;, &quot;Muhindhar_13-05-2026_Appointment Filter Functionality&quot;](2)" classname="runner.TestRunner" time="9.208">
    <failure message="element click intercepted: Element &lt;li&gt;...&lt;/li&gt; is not clickable at point (452, 86). Other element would receive the click: &lt;div class=&quot;pull-right&quot;&gt;...&lt;/div&gt;&#10;  (Session info: chrome=148.0.7778.168)&#10;Build info: version: &apos;4.43.0&apos;, revision: &apos;dd0f534&apos;&#10;System info: os.name: &apos;Windows 11&apos;, os.arch: &apos;amd64&apos;, os.version: &apos;10.0&apos;, java.version: &apos;25.0.2&apos;&#10;Driver info: org.openqa.selenium.chrome.ChromeDriver&#10;Command: [b804cada3d7dae1b940eb79b187fb324, clickElement {id=f.6731A0771248E983D7F9E9593BAEC09B.d.06149DCEDEA9D53AE5C093F28674FE2E.e.319}]&#10;Capabilities {acceptInsecureCerts: false, browserName: chrome, browserVersion: 148.0.7778.168, chrome: {chromedriverVersion: 148.0.7778.167 (65db666ac2c..., userDataDir: C:\Users\MUHIND~1\AppData\L...}, fedcm:accounts: true, goog:chromeOptions: {debuggerAddress: localhost:10499}, goog:processID: 37324, networkConnectionEnabled: false, pageLoadStrategy: normal, platformName: windows, proxy: Proxy(), se:cdp: ws://localhost:10499/devtoo..., se:cdpVersion: 148.0.7778.168, setWindowRect: true, strictFileInteractability: false, timeouts: {implicit: 0, pageLoad: 300000, script: 30000}, unhandledPromptBehavior: dismiss and notify, webauthn:extension:credBlob: true, webauthn:extension:largeBlob: true, webauthn:extension:minPinLength: true, webauthn:extension:prf: true, webauthn:virtualAuthenticators: true}&#10;Element: [[ChromeDriver: chrome on windows (b804cada3d7dae1b940eb79b187fb324)] -&gt; xpath: //ul[@class=&apos;nav nav-tabs navlistscroll&apos;]//li[2]]&#10;Session ID: b804cada3d7dae1b940eb79b187fb324" type="org.openqa.selenium.ElementClickInterceptedException"><![CDATA[org.openqa.selenium.ElementClickInterceptedException: 
element click intercepted: Element <li>...</li> is not clickable at point (452, 86). Other element would receive the click: <div class="pull-right">...</div>
  (Session info: chrome=148.0.7778.168)
Build info: version: '4.43.0', revision: 'dd0f534'
System info: os.name: 'Windows 11', os.arch: 'amd64', os.version: '10.0', java.version: '25.0.2'
Driver info: org.openqa.selenium.chrome.ChromeDriver
Command: [b804cada3d7dae1b940eb79b187fb324, clickElement {id=f.6731A0771248E983D7F9E9593BAEC09B.d.06149DCEDEA9D53AE5C093F28674FE2E.e.319}]
Capabilities {acceptInsecureCerts: false, browserName: chrome, browserVersion: 148.0.7778.168, chrome: {chromedriverVersion: 148.0.7778.167 (65db666ac2c..., userDataDir: C:\Users\MUHIND~1\AppData\L...}, fedcm:accounts: true, goog:chromeOptions: {debuggerAddress: localhost:10499}, goog:processID: 37324, networkConnectionEnabled: false, pageLoadStrategy: normal, platformName: windows, proxy: Proxy(), se:cdp: ws://localhost:10499/devtoo..., se:cdpVersion: 148.0.7778.168, setWindowRect: true, strictFileInteractability: false, timeouts: {implicit: 0, pageLoad: 300000, script: 30000}, unhandledPromptBehavior: dismiss and notify, webauthn:extension:credBlob: true, webauthn:extension:largeBlob: true, webauthn:extension:minPinLength: true, webauthn:extension:prf: true, webauthn:virtualAuthenticators: true}
Element: [[ChromeDriver: chrome on windows (b804cada3d7dae1b940eb79b187fb324)] -> xpath: //ul[@class='nav nav-tabs navlistscroll']//li[2]]
Session ID: b804cada3d7dae1b940eb79b187fb324
	at org.openqa.selenium.remote.ErrorCodec.decode(ErrorCodec.java:169)
	at org.openqa.selenium.remote.codec.w3c.W3CHttpResponseCodec.decode(W3CHttpResponseCodec.java:142)
	at org.openqa.selenium.remote.codec.w3c.W3CHttpResponseCodec.decode(W3CHttpResponseCodec.java:49)
	at org.openqa.selenium.remote.HttpCommandExecutor.execute(HttpCommandExecutor.java:223)
	at org.openqa.selenium.remote.service.DriverCommandExecutor.invokeExecute(DriverCommandExecutor.java:216)
	at org.openqa.selenium.remote.service.DriverCommandExecutor.execute(DriverCommandExecutor.java:174)
	at org.openqa.selenium.remote.RemoteWebDriver.execute(RemoteWebDriver.java:606)
	at org.openqa.selenium.remote.RemoteWebElement.execute(RemoteWebElement.java:223)
	at org.openqa.selenium.remote.RemoteWebElement.click(RemoteWebElement.java:76)
	at java.base/jdk.internal.reflect.DirectMethodHandleAccessor.invoke(DirectMethodHandleAccessor.java:104)
	at java.base/java.lang.reflect.Method.invoke(Method.java:565)
	at org.openqa.selenium.support.pagefactory.internal.LocatingElementHandler.invoke(LocatingElementHandler.java:51)
	at jdk.proxy2/jdk.proxy2.$Proxy26.click(Unknown Source)
	at actions.BaseAction.clickfb(BaseAction.java:49)
	at actions.AppointmentFilterAction.clickupapp(AppointmentFilterAction.java:44)
	at definitions.AppointmentFilterDef.user_clicks_on_the_upcoming_appointment_filter(AppointmentFilterDef.java:69)
	at ✽.user clicks on the Upcoming Appointment filter(file:///D:/Automation_Project/Automation-Testing-Project/src/test/resources/features/Appointmentfilter.feature:19)
]]></failure>
    <system-out><![CDATA[
@UpcomingAppointmentFilter
Scenario: Validate upcoming appointment filter            # src/test/resources/features/Appointmentfilter.feature:18
D:\Automation_Project\Automation-Testing-Project\downloads
  ✔ Given the user is on the login page                   # definitions.CommonStepDefinition.the_user_is_on_the_login_page()
[INFO ] 2026-05-17 14:39:24.986 [TestNG-test-CucumberTests-1] HelperClass - Clicking receptionist button
  ✔ And user clicks on receptionist button                # definitions.AppointmentFilterDef.user_clicks_on_receptionist_button()
[INFO ] 2026-05-17 14:39:25.257 [TestNG-test-CucumberTests-1] HelperClass - Clicking signin button
  ✔ And user clicks on signin button                      # definitions.AppointmentFilterDef.user_clicks_on_signin_button()
[INFO ] 2026-05-17 14:39:25.457 [TestNG-test-CucumberTests-1] HelperClass - Navigated to receptionist dashboard
  ✔ Then user should navigate to receptionist dashboard   # definitions.AppointmentFilterDef.user_should_navigate_to_receptionist_dashboard()
[INFO ] 2026-05-17 14:39:25.458 [TestNG-test-CucumberTests-1] HelperClass - Navigating to appointment section
  ✔ And user navigates to Appointment section             # definitions.AppointmentFilterDef.user_navigates_to_appointment_section()
[INFO ] 2026-05-17 14:39:29.972 [TestNG-test-CucumberTests-1] HelperClass - Clicking Upcoming Appointment filter
  ✘ When user clicks on the Upcoming Appointment filter   # definitions.AppointmentFilterDef.user_clicks_on_the_upcoming_appointment_filter()
        org.openqa.selenium.ElementClickInterceptedException: element click intercepted: Element <li>...</li> is not clickable at point (452, 86). Other element would receive the click: <div class="pull-right">...</div>
          (Session info: chrome=148.0.7778.168)
        Build info: version: '4.43.0', revision: 'dd0f534'
        System info: os.name: 'Windows 11', os.arch: 'amd64', os.version: '10.0', java.version: '25.0.2'
        Driver info: org.openqa.selenium.chrome.ChromeDriver
        Command: [b804cada3d7dae1b940eb79b187fb324, clickElement {id=f.6731A0771248E983D7F9E9593BAEC09B.d.06149DCEDEA9D53AE5C093F28674FE2E.e.319}]
        Capabilities {acceptInsecureCerts: false, browserName: chrome, browserVersion: 148.0.7778.168, chrome: {chromedriverVersion: 148.0.7778.167 (65db666ac2c..., userDataDir: C:\Users\MUHIND~1\AppData\L...}, fedcm:accounts: true, goog:chromeOptions: {debuggerAddress: localhost:10499}, goog:processID: 37324, networkConnectionEnabled: false, pageLoadStrategy: normal, platformName: windows, proxy: Proxy(), se:cdp: ws://localhost:10499/devtoo..., se:cdpVersion: 148.0.7778.168, setWindowRect: true, strictFileInteractability: false, timeouts: {implicit: 0, pageLoad: 300000, script: 30000}, unhandledPromptBehavior: dismiss and notify, webauthn:extension:credBlob: true, webauthn:extension:largeBlob: true, webauthn:extension:minPinLength: true, webauthn:extension:prf: true, webauthn:virtualAuthenticators: true}
        Element: [[ChromeDriver: chrome on windows (b804cada3d7dae1b940eb79b187fb324)] -> xpath: //ul[@class='nav nav-tabs navlistscroll']//li[2]]
        Session ID: b804cada3d7dae1b940eb79b187fb324
        	at org.openqa.selenium.remote.ErrorCodec.decode(ErrorCodec.java:169)
        	at org.openqa.selenium.remote.codec.w3c.W3CHttpResponseCodec.decode(W3CHttpResponseCodec.java:142)
        	at org.openqa.selenium.remote.codec.w3c.W3CHttpResponseCodec.decode(W3CHttpResponseCodec.java:49)
        	at org.openqa.selenium.remote.HttpCommandExecutor.execute(HttpCommandExecutor.java:223)
        	at org.openqa.selenium.remote.service.DriverCommandExecutor.invokeExecute(DriverCommandExecutor.java:216)
        	at org.openqa.selenium.remote.service.DriverCommandExecutor.execute(DriverCommandExecutor.java:174)
        	at org.openqa.selenium.remote.RemoteWebDriver.execute(RemoteWebDriver.java:606)
        	at org.openqa.selenium.remote.RemoteWebElement.execute(RemoteWebElement.java:223)
        	at org.openqa.selenium.remote.RemoteWebElement.click(RemoteWebElement.java:76)
        	at java.base/jdk.internal.reflect.DirectMethodHandleAccessor.invoke(DirectMethodHandleAccessor.java:104)
        	at java.base/java.lang.reflect.Method.invoke(Method.java:565)
        	at org.openqa.selenium.support.pagefactory.internal.LocatingElementHandler.invoke(LocatingElementHandler.java:51)
        	at jdk.proxy2/jdk.proxy2.$Proxy26.click(Unknown Source)
        	at actions.BaseAction.clickfb(BaseAction.java:49)
        	at actions.AppointmentFilterAction.clickupapp(AppointmentFilterAction.java:44)
        	at definitions.AppointmentFilterDef.user_clicks_on_the_upcoming_appointment_filter(AppointmentFilterDef.java:69)
        	at ✽.user clicks on the Upcoming Appointment filter(file:///D:/Automation_Project/Automation-Testing-Project/src/test/resources/features/Appointmentfilter.feature:19)
  ↷ Then user should be able to see upcoming appointments # definitions.AppointmentFilterDef.user_should_be_able_to_see_upcoming_appointments()
]]></system-out>
    <system-err><![CDATA[May 17, 2026 2:39:22 PM org.openqa.selenium.devtools.CdpVersionFinder findNearestMatch
WARNING: Unable to find an exact match for CDP version 148, returning the closest version; found: 147; Please update to a Selenium version that supports CDP version 148
]]></system-err>
  </testcase>
  <testcase name="runScenario[&quot;Validate old appointment filter&quot;, &quot;Muhindhar_13-05-2026_Appointment Filter Functionality&quot;](3)" classname="runner.TestRunner" time="9.497">
    <failure message="element click intercepted: Element &lt;li&gt;...&lt;/li&gt; is not clickable at point (606, 86). Other element would receive the click: &lt;a data-target=&quot;modal&quot; data-placement=&quot;bottom&quot; data-toggle=&quot;tooltip&quot; href=&quot;#&quot; id=&quot;beddata&quot; data-original-title=&quot;Bed Status&quot; data-loading-text=&quot;&amp;lt;i class=&apos;fa fa-spinner fa-spin &apos;&amp;gt;&amp;lt;/i&amp;gt; Loading...&quot; onclick=&quot;getbedstatus()&quot;&gt;...&lt;/a&gt;&#10;  (Session info: chrome=148.0.7778.168)&#10;Build info: version: &apos;4.43.0&apos;, revision: &apos;dd0f534&apos;&#10;System info: os.name: &apos;Windows 11&apos;, os.arch: &apos;amd64&apos;, os.version: &apos;10.0&apos;, java.version: &apos;25.0.2&apos;&#10;Driver info: org.openqa.selenium.chrome.ChromeDriver&#10;Command: [57fa00624187fc6c825f255cde1e65a7, clickElement {id=f.295157508C475A7A0DB3A29BE7DA5A98.d.A12C821F06EA2610B5AC1E3CB045773C.e.332}]&#10;Capabilities {acceptInsecureCerts: false, browserName: chrome, browserVersion: 148.0.7778.168, chrome: {chromedriverVersion: 148.0.7778.167 (65db666ac2c..., userDataDir: C:\Users\MUHIND~1\AppData\L...}, fedcm:accounts: true, goog:chromeOptions: {debuggerAddress: localhost:10938}, goog:processID: 21912, networkConnectionEnabled: false, pageLoadStrategy: normal, platformName: windows, proxy: Proxy(), se:cdp: ws://localhost:10938/devtoo..., se:cdpVersion: 148.0.7778.168, setWindowRect: true, strictFileInteractability: false, timeouts: {implicit: 0, pageLoad: 300000, script: 30000}, unhandledPromptBehavior: dismiss and notify, webauthn:extension:credBlob: true, webauthn:extension:largeBlob: true, webauthn:extension:minPinLength: true, webauthn:extension:prf: true, webauthn:virtualAuthenticators: true}&#10;Element: [[ChromeDriver: chrome on windows (57fa00624187fc6c825f255cde1e65a7)] -&gt; xpath: //ul[@class=&apos;nav nav-tabs navlistscroll&apos;]//li[3]]&#10;Session ID: 57fa00624187fc6c825f255cde1e65a7" type="org.openqa.selenium.ElementClickInterceptedException"><![CDATA[org.openqa.selenium.ElementClickInterceptedException: 
element click intercepted: Element <li>...</li> is not clickable at point (606, 86). Other element would receive the click: <a data-target="modal" data-placement="bottom" data-toggle="tooltip" href="#" id="beddata" data-original-title="Bed Status" data-loading-text="&lt;i class='fa fa-spinner fa-spin '&gt;&lt;/i&gt; Loading..." onclick="getbedstatus()">...</a>
  (Session info: chrome=148.0.7778.168)
Build info: version: '4.43.0', revision: 'dd0f534'
System info: os.name: 'Windows 11', os.arch: 'amd64', os.version: '10.0', java.version: '25.0.2'
Driver info: org.openqa.selenium.chrome.ChromeDriver
Command: [57fa00624187fc6c825f255cde1e65a7, clickElement {id=f.295157508C475A7A0DB3A29BE7DA5A98.d.A12C821F06EA2610B5AC1E3CB045773C.e.332}]
Capabilities {acceptInsecureCerts: false, browserName: chrome, browserVersion: 148.0.7778.168, chrome: {chromedriverVersion: 148.0.7778.167 (65db666ac2c..., userDataDir: C:\Users\MUHIND~1\AppData\L...}, fedcm:accounts: true, goog:chromeOptions: {debuggerAddress: localhost:10938}, goog:processID: 21912, networkConnectionEnabled: false, pageLoadStrategy: normal, platformName: windows, proxy: Proxy(), se:cdp: ws://localhost:10938/devtoo..., se:cdpVersion: 148.0.7778.168, setWindowRect: true, strictFileInteractability: false, timeouts: {implicit: 0, pageLoad: 300000, script: 30000}, unhandledPromptBehavior: dismiss and notify, webauthn:extension:credBlob: true, webauthn:extension:largeBlob: true, webauthn:extension:minPinLength: true, webauthn:extension:prf: true, webauthn:virtualAuthenticators: true}
Element: [[ChromeDriver: chrome on windows (57fa00624187fc6c825f255cde1e65a7)] -> xpath: //ul[@class='nav nav-tabs navlistscroll']//li[3]]
Session ID: 57fa00624187fc6c825f255cde1e65a7
	at org.openqa.selenium.remote.ErrorCodec.decode(ErrorCodec.java:169)
	at org.openqa.selenium.remote.codec.w3c.W3CHttpResponseCodec.decode(W3CHttpResponseCodec.java:142)
	at org.openqa.selenium.remote.codec.w3c.W3CHttpResponseCodec.decode(W3CHttpResponseCodec.java:49)
	at org.openqa.selenium.remote.HttpCommandExecutor.execute(HttpCommandExecutor.java:223)
	at org.openqa.selenium.remote.service.DriverCommandExecutor.invokeExecute(DriverCommandExecutor.java:216)
	at org.openqa.selenium.remote.service.DriverCommandExecutor.execute(DriverCommandExecutor.java:174)
	at org.openqa.selenium.remote.RemoteWebDriver.execute(RemoteWebDriver.java:606)
	at org.openqa.selenium.remote.RemoteWebElement.execute(RemoteWebElement.java:223)
	at org.openqa.selenium.remote.RemoteWebElement.click(RemoteWebElement.java:76)
	at java.base/jdk.internal.reflect.DirectMethodHandleAccessor.invoke(DirectMethodHandleAccessor.java:104)
	at java.base/java.lang.reflect.Method.invoke(Method.java:565)
	at org.openqa.selenium.support.pagefactory.internal.LocatingElementHandler.invoke(LocatingElementHandler.java:51)
	at jdk.proxy2/jdk.proxy2.$Proxy26.click(Unknown Source)
	at actions.BaseAction.clickfb(BaseAction.java:49)
	at actions.AppointmentFilterAction.clickoldapp(AppointmentFilterAction.java:49)
	at definitions.AppointmentFilterDef.user_clicks_on_the_old_appointment_filter(AppointmentFilterDef.java:85)
	at ✽.user clicks on the Old Appointment filter(file:///D:/Automation_Project/Automation-Testing-Project/src/test/resources/features/Appointmentfilter.feature:24)
]]></failure>
    <system-out><![CDATA[
@OldAppointmentFilter
Scenario: Validate old appointment filter               # src/test/resources/features/Appointmentfilter.feature:23
D:\Automation_Project\Automation-Testing-Project\downloads
  ✔ Given the user is on the login page                 # definitions.CommonStepDefinition.the_user_is_on_the_login_page()
[INFO ] 2026-05-17 14:39:34.316 [TestNG-test-CucumberTests-1] HelperClass - Clicking receptionist button
  ✔ And user clicks on receptionist button              # definitions.AppointmentFilterDef.user_clicks_on_receptionist_button()
[INFO ] 2026-05-17 14:39:34.565 [TestNG-test-CucumberTests-1] HelperClass - Clicking signin button
  ✔ And user clicks on signin button                    # definitions.AppointmentFilterDef.user_clicks_on_signin_button()
[INFO ] 2026-05-17 14:39:34.836 [TestNG-test-CucumberTests-1] HelperClass - Navigated to receptionist dashboard
  ✔ Then user should navigate to receptionist dashboard # definitions.AppointmentFilterDef.user_should_navigate_to_receptionist_dashboard()
[INFO ] 2026-05-17 14:39:34.840 [TestNG-test-CucumberTests-1] HelperClass - Navigating to appointment section
  ✔ And user navigates to Appointment section           # definitions.AppointmentFilterDef.user_navigates_to_appointment_section()
[INFO ] 2026-05-17 14:39:39.485 [TestNG-test-CucumberTests-1] HelperClass - Clicking Old Appointment filter
  ✘ When user clicks on the Old Appointment filter      # definitions.AppointmentFilterDef.user_clicks_on_the_old_appointment_filter()
        org.openqa.selenium.ElementClickInterceptedException: element click intercepted: Element <li>...</li> is not clickable at point (606, 86). Other element would receive the click: <a data-target="modal" data-placement="bottom" data-toggle="tooltip" href="#" id="beddata" data-original-title="Bed Status" data-loading-text="&lt;i class='fa fa-spinner fa-spin '&gt;&lt;/i&gt; Loading..." onclick="getbedstatus()">...</a>
          (Session info: chrome=148.0.7778.168)
        Build info: version: '4.43.0', revision: 'dd0f534'
        System info: os.name: 'Windows 11', os.arch: 'amd64', os.version: '10.0', java.version: '25.0.2'
        Driver info: org.openqa.selenium.chrome.ChromeDriver
        Command: [57fa00624187fc6c825f255cde1e65a7, clickElement {id=f.295157508C475A7A0DB3A29BE7DA5A98.d.A12C821F06EA2610B5AC1E3CB045773C.e.332}]
        Capabilities {acceptInsecureCerts: false, browserName: chrome, browserVersion: 148.0.7778.168, chrome: {chromedriverVersion: 148.0.7778.167 (65db666ac2c..., userDataDir: C:\Users\MUHIND~1\AppData\L...}, fedcm:accounts: true, goog:chromeOptions: {debuggerAddress: localhost:10938}, goog:processID: 21912, networkConnectionEnabled: false, pageLoadStrategy: normal, platformName: windows, proxy: Proxy(), se:cdp: ws://localhost:10938/devtoo..., se:cdpVersion: 148.0.7778.168, setWindowRect: true, strictFileInteractability: false, timeouts: {implicit: 0, pageLoad: 300000, script: 30000}, unhandledPromptBehavior: dismiss and notify, webauthn:extension:credBlob: true, webauthn:extension:largeBlob: true, webauthn:extension:minPinLength: true, webauthn:extension:prf: true, webauthn:virtualAuthenticators: true}
        Element: [[ChromeDriver: chrome on windows (57fa00624187fc6c825f255cde1e65a7)] -> xpath: //ul[@class='nav nav-tabs navlistscroll']//li[3]]
        Session ID: 57fa00624187fc6c825f255cde1e65a7
        	at org.openqa.selenium.remote.ErrorCodec.decode(ErrorCodec.java:169)
        	at org.openqa.selenium.remote.codec.w3c.W3CHttpResponseCodec.decode(W3CHttpResponseCodec.java:142)
        	at org.openqa.selenium.remote.codec.w3c.W3CHttpResponseCodec.decode(W3CHttpResponseCodec.java:49)
        	at org.openqa.selenium.remote.HttpCommandExecutor.execute(HttpCommandExecutor.java:223)
        	at org.openqa.selenium.remote.service.DriverCommandExecutor.invokeExecute(DriverCommandExecutor.java:216)
        	at org.openqa.selenium.remote.service.DriverCommandExecutor.execute(DriverCommandExecutor.java:174)
        	at org.openqa.selenium.remote.RemoteWebDriver.execute(RemoteWebDriver.java:606)
        	at org.openqa.selenium.remote.RemoteWebElement.execute(RemoteWebElement.java:223)
        	at org.openqa.selenium.remote.RemoteWebElement.click(RemoteWebElement.java:76)
        	at java.base/jdk.internal.reflect.DirectMethodHandleAccessor.invoke(DirectMethodHandleAccessor.java:104)
        	at java.base/java.lang.reflect.Method.invoke(Method.java:565)
        	at org.openqa.selenium.support.pagefactory.internal.LocatingElementHandler.invoke(LocatingElementHandler.java:51)
        	at jdk.proxy2/jdk.proxy2.$Proxy26.click(Unknown Source)
        	at actions.BaseAction.clickfb(BaseAction.java:49)
        	at actions.AppointmentFilterAction.clickoldapp(AppointmentFilterAction.java:49)
        	at definitions.AppointmentFilterDef.user_clicks_on_the_old_appointment_filter(AppointmentFilterDef.java:85)
        	at ✽.user clicks on the Old Appointment filter(file:///D:/Automation_Project/Automation-Testing-Project/src/test/resources/features/Appointmentfilter.feature:24)
  ↷ Then user should be able to see old appointments    # definitions.AppointmentFilterDef.user_should_be_able_to_see_old_appointments()
]]></system-out>
    <system-err><![CDATA[May 17, 2026 2:39:32 PM org.openqa.selenium.devtools.CdpVersionFinder findNearestMatch
WARNING: Unable to find an exact match for CDP version 148, returning the closest version; found: 147; Please update to a Selenium version that supports CDP version 148
]]></system-err>
  </testcase>
  <testcase name="runScenario[&quot;Download appointment filter in different formats&quot;, &quot;Muhindhar_13-05-2026_Downloading the PDF (Printing)&quot;](4)" classname="runner.TestRunner" time="8.96">
    <failure message="element click intercepted: Element &lt;li&gt;...&lt;/li&gt; is not clickable at point (606, 86). Other element would receive the click: &lt;a data-target=&quot;modal&quot; data-placement=&quot;bottom&quot; data-toggle=&quot;tooltip&quot; href=&quot;#&quot; id=&quot;beddata&quot; data-original-title=&quot;Bed Status&quot; data-loading-text=&quot;&amp;lt;i class=&apos;fa fa-spinner fa-spin &apos;&amp;gt;&amp;lt;/i&amp;gt; Loading...&quot; onclick=&quot;getbedstatus()&quot;&gt;...&lt;/a&gt;&#10;  (Session info: chrome=148.0.7778.168)&#10;Build info: version: &apos;4.43.0&apos;, revision: &apos;dd0f534&apos;&#10;System info: os.name: &apos;Windows 11&apos;, os.arch: &apos;amd64&apos;, os.version: &apos;10.0&apos;, java.version: &apos;25.0.2&apos;&#10;Driver info: org.openqa.selenium.chrome.ChromeDriver&#10;Command: [8aeaf74d6367fd530be32a1716461d10, clickElement {id=f.67AD9E118178338C1B96578547ABAABA.d.A586D5CE7E1D4C5A4D0ABA6602E8701E.e.319}]&#10;Capabilities {acceptInsecureCerts: false, browserName: chrome, browserVersion: 148.0.7778.168, chrome: {chromedriverVersion: 148.0.7778.167 (65db666ac2c..., userDataDir: C:\Users\MUHIND~1\AppData\L...}, fedcm:accounts: true, goog:chromeOptions: {debuggerAddress: localhost:10455}, goog:processID: 37216, networkConnectionEnabled: false, pageLoadStrategy: normal, platformName: windows, proxy: Proxy(), se:cdp: ws://localhost:10455/devtoo..., se:cdpVersion: 148.0.7778.168, setWindowRect: true, strictFileInteractability: false, timeouts: {implicit: 0, pageLoad: 300000, script: 30000}, unhandledPromptBehavior: dismiss and notify, webauthn:extension:credBlob: true, webauthn:extension:largeBlob: true, webauthn:extension:minPinLength: true, webauthn:extension:prf: true, webauthn:virtualAuthenticators: true}&#10;Element: [[ChromeDriver: chrome on windows (8aeaf74d6367fd530be32a1716461d10)] -&gt; xpath: //ul[@class=&apos;nav nav-tabs navlistscroll&apos;]//li[3]]&#10;Session ID: 8aeaf74d6367fd530be32a1716461d10" type="org.openqa.selenium.ElementClickInterceptedException"><![CDATA[org.openqa.selenium.ElementClickInterceptedException: 
element click intercepted: Element <li>...</li> is not clickable at point (606, 86). Other element would receive the click: <a data-target="modal" data-placement="bottom" data-toggle="tooltip" href="#" id="beddata" data-original-title="Bed Status" data-loading-text="&lt;i class='fa fa-spinner fa-spin '&gt;&lt;/i&gt; Loading..." onclick="getbedstatus()">...</a>
  (Session info: chrome=148.0.7778.168)
Build info: version: '4.43.0', revision: 'dd0f534'
System info: os.name: 'Windows 11', os.arch: 'amd64', os.version: '10.0', java.version: '25.0.2'
Driver info: org.openqa.selenium.chrome.ChromeDriver
Command: [8aeaf74d6367fd530be32a1716461d10, clickElement {id=f.67AD9E118178338C1B96578547ABAABA.d.A586D5CE7E1D4C5A4D0ABA6602E8701E.e.319}]
Capabilities {acceptInsecureCerts: false, browserName: chrome, browserVersion: 148.0.7778.168, chrome: {chromedriverVersion: 148.0.7778.167 (65db666ac2c..., userDataDir: C:\Users\MUHIND~1\AppData\L...}, fedcm:accounts: true, goog:chromeOptions: {debuggerAddress: localhost:10455}, goog:processID: 37216, networkConnectionEnabled: false, pageLoadStrategy: normal, platformName: windows, proxy: Proxy(), se:cdp: ws://localhost:10455/devtoo..., se:cdpVersion: 148.0.7778.168, setWindowRect: true, strictFileInteractability: false, timeouts: {implicit: 0, pageLoad: 300000, script: 30000}, unhandledPromptBehavior: dismiss and notify, webauthn:extension:credBlob: true, webauthn:extension:largeBlob: true, webauthn:extension:minPinLength: true, webauthn:extension:prf: true, webauthn:virtualAuthenticators: true}
Element: [[ChromeDriver: chrome on windows (8aeaf74d6367fd530be32a1716461d10)] -> xpath: //ul[@class='nav nav-tabs navlistscroll']//li[3]]
Session ID: 8aeaf74d6367fd530be32a1716461d10
	at org.openqa.selenium.remote.ErrorCodec.decode(ErrorCodec.java:169)
	at org.openqa.selenium.remote.codec.w3c.W3CHttpResponseCodec.decode(W3CHttpResponseCodec.java:142)
	at org.openqa.selenium.remote.codec.w3c.W3CHttpResponseCodec.decode(W3CHttpResponseCodec.java:49)
	at org.openqa.selenium.remote.HttpCommandExecutor.execute(HttpCommandExecutor.java:223)
	at org.openqa.selenium.remote.service.DriverCommandExecutor.invokeExecute(DriverCommandExecutor.java:216)
	at org.openqa.selenium.remote.service.DriverCommandExecutor.execute(DriverCommandExecutor.java:174)
	at org.openqa.selenium.remote.RemoteWebDriver.execute(RemoteWebDriver.java:606)
	at org.openqa.selenium.remote.RemoteWebElement.execute(RemoteWebElement.java:223)
	at org.openqa.selenium.remote.RemoteWebElement.click(RemoteWebElement.java:76)
	at actions.BaseAction.click(BaseAction.java:41)
	at actions.DownloadPdfAction.oldapp(DownloadPdfAction.java:50)
	at definitions.DownloadPdfDef.user_clicks_on_filter(DownloadPdfDef.java:36)
	at ✽.user clicks on "Old Appointment" filter(file:///D:/Automation_Project/Automation-Testing-Project/src/test/resources/features/DownloadPdf.feature:12)
]]></failure>
    <system-out><![CDATA[
@DownloadAppointment
Scenario Outline: Download appointment filter in different formats            # src/test/resources/features/DownloadPdf.feature:18
D:\Automation_Project\Automation-Testing-Project\downloads
[INFO ] 2026-05-17 14:39:43.407 [TestNG-test-CucumberTests-1] HelperClass - Clicking receptionist button
[INFO ] 2026-05-17 14:39:43.630 [TestNG-test-CucumberTests-1] HelperClass - Clicking signin button
  ✔ Given the user is logged in as receptionist                               # definitions.DownloadPdfDef.the_user_is_logged_in_as_receptionist()
[INFO ] 2026-05-17 14:39:43.813 [TestNG-test-CucumberTests-1] HelperClass - Clicking appointment buttton
  ✔ And user is on appointment page                                           # definitions.DownloadPdfDef.user_is_on_appointment_page()
[INFO ] 2026-05-17 14:39:48.508 [TestNG-test-CucumberTests-1] HelperClass - Old appointment
  ✘ When user clicks on "Old Appointment" filter                              # definitions.DownloadPdfDef.user_clicks_on_filter(java.lang.String)
        org.openqa.selenium.ElementClickInterceptedException: element click intercepted: Element <li>...</li> is not clickable at point (606, 86). Other element would receive the click: <a data-target="modal" data-placement="bottom" data-toggle="tooltip" href="#" id="beddata" data-original-title="Bed Status" data-loading-text="&lt;i class='fa fa-spinner fa-spin '&gt;&lt;/i&gt; Loading..." onclick="getbedstatus()">...</a>
          (Session info: chrome=148.0.7778.168)
        Build info: version: '4.43.0', revision: 'dd0f534'
        System info: os.name: 'Windows 11', os.arch: 'amd64', os.version: '10.0', java.version: '25.0.2'
        Driver info: org.openqa.selenium.chrome.ChromeDriver
        Command: [8aeaf74d6367fd530be32a1716461d10, clickElement {id=f.67AD9E118178338C1B96578547ABAABA.d.A586D5CE7E1D4C5A4D0ABA6602E8701E.e.319}]
        Capabilities {acceptInsecureCerts: false, browserName: chrome, browserVersion: 148.0.7778.168, chrome: {chromedriverVersion: 148.0.7778.167 (65db666ac2c..., userDataDir: C:\Users\MUHIND~1\AppData\L...}, fedcm:accounts: true, goog:chromeOptions: {debuggerAddress: localhost:10455}, goog:processID: 37216, networkConnectionEnabled: false, pageLoadStrategy: normal, platformName: windows, proxy: Proxy(), se:cdp: ws://localhost:10455/devtoo..., se:cdpVersion: 148.0.7778.168, setWindowRect: true, strictFileInteractability: false, timeouts: {implicit: 0, pageLoad: 300000, script: 30000}, unhandledPromptBehavior: dismiss and notify, webauthn:extension:credBlob: true, webauthn:extension:largeBlob: true, webauthn:extension:minPinLength: true, webauthn:extension:prf: true, webauthn:virtualAuthenticators: true}
        Element: [[ChromeDriver: chrome on windows (8aeaf74d6367fd530be32a1716461d10)] -> xpath: //ul[@class='nav nav-tabs navlistscroll']//li[3]]
        Session ID: 8aeaf74d6367fd530be32a1716461d10
        	at org.openqa.selenium.remote.ErrorCodec.decode(ErrorCodec.java:169)
        	at org.openqa.selenium.remote.codec.w3c.W3CHttpResponseCodec.decode(W3CHttpResponseCodec.java:142)
        	at org.openqa.selenium.remote.codec.w3c.W3CHttpResponseCodec.decode(W3CHttpResponseCodec.java:49)
        	at org.openqa.selenium.remote.HttpCommandExecutor.execute(HttpCommandExecutor.java:223)
        	at org.openqa.selenium.remote.service.DriverCommandExecutor.invokeExecute(DriverCommandExecutor.java:216)
        	at org.openqa.selenium.remote.service.DriverCommandExecutor.execute(DriverCommandExecutor.java:174)
        	at org.openqa.selenium.remote.RemoteWebDriver.execute(RemoteWebDriver.java:606)
        	at org.openqa.selenium.remote.RemoteWebElement.execute(RemoteWebElement.java:223)
        	at org.openqa.selenium.remote.RemoteWebElement.click(RemoteWebElement.java:76)
        	at actions.BaseAction.click(BaseAction.java:41)
        	at actions.DownloadPdfAction.oldapp(DownloadPdfAction.java:50)
        	at definitions.DownloadPdfDef.user_clicks_on_filter(DownloadPdfDef.java:36)
        	at ✽.user clicks on "Old Appointment" filter(file:///D:/Automation_Project/Automation-Testing-Project/src/test/resources/features/DownloadPdf.feature:12)
  ↷ And user selects "pdf" download option                                    # definitions.DownloadPdfDef.user_selects_download_option(java.lang.String)
  ↷ Then file should be downloaded successfully for "Appointment Details.pdf" # definitions.DownloadPdfDef.file_should_be_downloaded_successfully_for(java.lang.String)
]]></system-out>
    <system-err><![CDATA[May 17, 2026 2:39:41 PM org.openqa.selenium.devtools.CdpVersionFinder findNearestMatch
WARNING: Unable to find an exact match for CDP version 148, returning the closest version; found: 147; Please update to a Selenium version that supports CDP version 148
]]></system-err>
  </testcase>
  <testcase name="runScenario[&quot;Download appointment filter in different formats&quot;, &quot;Muhindhar_13-05-2026_Downloading the PDF (Printing)&quot;](5)" classname="runner.TestRunner" time="8.441">
    <failure message="element click intercepted: Element &lt;li&gt;...&lt;/li&gt; is not clickable at point (452, 86). Other element would receive the click: &lt;div class=&quot;pull-right&quot;&gt;...&lt;/div&gt;&#10;  (Session info: chrome=148.0.7778.168)&#10;Build info: version: &apos;4.43.0&apos;, revision: &apos;dd0f534&apos;&#10;System info: os.name: &apos;Windows 11&apos;, os.arch: &apos;amd64&apos;, os.version: &apos;10.0&apos;, java.version: &apos;25.0.2&apos;&#10;Driver info: org.openqa.selenium.chrome.ChromeDriver&#10;Command: [18dbd1716ffe26f44239943be9a25561, clickElement {id=f.99EE60AD8EC8A6718B52BFF2BE6348A9.d.BE0466044D20C15CE26E427B88B6139E.e.320}]&#10;Capabilities {acceptInsecureCerts: false, browserName: chrome, browserVersion: 148.0.7778.168, chrome: {chromedriverVersion: 148.0.7778.167 (65db666ac2c..., userDataDir: C:\Users\MUHIND~1\AppData\L...}, fedcm:accounts: true, goog:chromeOptions: {debuggerAddress: localhost:11917}, goog:processID: 2064, networkConnectionEnabled: false, pageLoadStrategy: normal, platformName: windows, proxy: Proxy(), se:cdp: ws://localhost:11917/devtoo..., se:cdpVersion: 148.0.7778.168, setWindowRect: true, strictFileInteractability: false, timeouts: {implicit: 0, pageLoad: 300000, script: 30000}, unhandledPromptBehavior: dismiss and notify, webauthn:extension:credBlob: true, webauthn:extension:largeBlob: true, webauthn:extension:minPinLength: true, webauthn:extension:prf: true, webauthn:virtualAuthenticators: true}&#10;Element: [[ChromeDriver: chrome on windows (18dbd1716ffe26f44239943be9a25561)] -&gt; xpath: //ul[@class=&apos;nav nav-tabs navlistscroll&apos;]//li[2]]&#10;Session ID: 18dbd1716ffe26f44239943be9a25561" type="org.openqa.selenium.ElementClickInterceptedException"><![CDATA[org.openqa.selenium.ElementClickInterceptedException: 
element click intercepted: Element <li>...</li> is not clickable at point (452, 86). Other element would receive the click: <div class="pull-right">...</div>
  (Session info: chrome=148.0.7778.168)
Build info: version: '4.43.0', revision: 'dd0f534'
System info: os.name: 'Windows 11', os.arch: 'amd64', os.version: '10.0', java.version: '25.0.2'
Driver info: org.openqa.selenium.chrome.ChromeDriver
Command: [18dbd1716ffe26f44239943be9a25561, clickElement {id=f.99EE60AD8EC8A6718B52BFF2BE6348A9.d.BE0466044D20C15CE26E427B88B6139E.e.320}]
Capabilities {acceptInsecureCerts: false, browserName: chrome, browserVersion: 148.0.7778.168, chrome: {chromedriverVersion: 148.0.7778.167 (65db666ac2c..., userDataDir: C:\Users\MUHIND~1\AppData\L...}, fedcm:accounts: true, goog:chromeOptions: {debuggerAddress: localhost:11917}, goog:processID: 2064, networkConnectionEnabled: false, pageLoadStrategy: normal, platformName: windows, proxy: Proxy(), se:cdp: ws://localhost:11917/devtoo..., se:cdpVersion: 148.0.7778.168, setWindowRect: true, strictFileInteractability: false, timeouts: {implicit: 0, pageLoad: 300000, script: 30000}, unhandledPromptBehavior: dismiss and notify, webauthn:extension:credBlob: true, webauthn:extension:largeBlob: true, webauthn:extension:minPinLength: true, webauthn:extension:prf: true, webauthn:virtualAuthenticators: true}
Element: [[ChromeDriver: chrome on windows (18dbd1716ffe26f44239943be9a25561)] -> xpath: //ul[@class='nav nav-tabs navlistscroll']//li[2]]
Session ID: 18dbd1716ffe26f44239943be9a25561
	at org.openqa.selenium.remote.ErrorCodec.decode(ErrorCodec.java:169)
	at org.openqa.selenium.remote.codec.w3c.W3CHttpResponseCodec.decode(W3CHttpResponseCodec.java:142)
	at org.openqa.selenium.remote.codec.w3c.W3CHttpResponseCodec.decode(W3CHttpResponseCodec.java:49)
	at org.openqa.selenium.remote.HttpCommandExecutor.execute(HttpCommandExecutor.java:223)
	at org.openqa.selenium.remote.service.DriverCommandExecutor.invokeExecute(DriverCommandExecutor.java:216)
	at org.openqa.selenium.remote.service.DriverCommandExecutor.execute(DriverCommandExecutor.java:174)
	at org.openqa.selenium.remote.RemoteWebDriver.execute(RemoteWebDriver.java:606)
	at org.openqa.selenium.remote.RemoteWebElement.execute(RemoteWebElement.java:223)
	at org.openqa.selenium.remote.RemoteWebElement.click(RemoteWebElement.java:76)
	at actions.BaseAction.click(BaseAction.java:41)
	at actions.DownloadPdfAction.upcapp(DownloadPdfAction.java:42)
	at definitions.DownloadPdfDef.user_clicks_on_filter(DownloadPdfDef.java:40)
	at ✽.user clicks on "Upcoming Appointment" filter(file:///D:/Automation_Project/Automation-Testing-Project/src/test/resources/features/DownloadPdf.feature:12)
]]></failure>
    <system-out><![CDATA[
@DownloadAppointment
Scenario Outline: Download appointment filter in different formats            # src/test/resources/features/DownloadPdf.feature:19
D:\Automation_Project\Automation-Testing-Project\downloads
[INFO ] 2026-05-17 14:39:52.172 [TestNG-test-CucumberTests-1] HelperClass - Clicking receptionist button
[INFO ] 2026-05-17 14:39:52.348 [TestNG-test-CucumberTests-1] HelperClass - Clicking signin button
  ✔ Given the user is logged in as receptionist                               # definitions.DownloadPdfDef.the_user_is_logged_in_as_receptionist()
[INFO ] 2026-05-17 14:39:56.199 [TestNG-test-CucumberTests-1] HelperClass - Clicking appointment buttton
  ✔ And user is on appointment page                                           # definitions.DownloadPdfDef.user_is_on_appointment_page()
[INFO ] 2026-05-17 14:39:56.987 [TestNG-test-CucumberTests-1] HelperClass - upcoming appointment
  ✘ When user clicks on "Upcoming Appointment" filter                         # definitions.DownloadPdfDef.user_clicks_on_filter(java.lang.String)
        org.openqa.selenium.ElementClickInterceptedException: element click intercepted: Element <li>...</li> is not clickable at point (452, 86). Other element would receive the click: <div class="pull-right">...</div>
          (Session info: chrome=148.0.7778.168)
        Build info: version: '4.43.0', revision: 'dd0f534'
        System info: os.name: 'Windows 11', os.arch: 'amd64', os.version: '10.0', java.version: '25.0.2'
        Driver info: org.openqa.selenium.chrome.ChromeDriver
        Command: [18dbd1716ffe26f44239943be9a25561, clickElement {id=f.99EE60AD8EC8A6718B52BFF2BE6348A9.d.BE0466044D20C15CE26E427B88B6139E.e.320}]
        Capabilities {acceptInsecureCerts: false, browserName: chrome, browserVersion: 148.0.7778.168, chrome: {chromedriverVersion: 148.0.7778.167 (65db666ac2c..., userDataDir: C:\Users\MUHIND~1\AppData\L...}, fedcm:accounts: true, goog:chromeOptions: {debuggerAddress: localhost:11917}, goog:processID: 2064, networkConnectionEnabled: false, pageLoadStrategy: normal, platformName: windows, proxy: Proxy(), se:cdp: ws://localhost:11917/devtoo..., se:cdpVersion: 148.0.7778.168, setWindowRect: true, strictFileInteractability: false, timeouts: {implicit: 0, pageLoad: 300000, script: 30000}, unhandledPromptBehavior: dismiss and notify, webauthn:extension:credBlob: true, webauthn:extension:largeBlob: true, webauthn:extension:minPinLength: true, webauthn:extension:prf: true, webauthn:virtualAuthenticators: true}
        Element: [[ChromeDriver: chrome on windows (18dbd1716ffe26f44239943be9a25561)] -> xpath: //ul[@class='nav nav-tabs navlistscroll']//li[2]]
        Session ID: 18dbd1716ffe26f44239943be9a25561
        	at org.openqa.selenium.remote.ErrorCodec.decode(ErrorCodec.java:169)
        	at org.openqa.selenium.remote.codec.w3c.W3CHttpResponseCodec.decode(W3CHttpResponseCodec.java:142)
        	at org.openqa.selenium.remote.codec.w3c.W3CHttpResponseCodec.decode(W3CHttpResponseCodec.java:49)
        	at org.openqa.selenium.remote.HttpCommandExecutor.execute(HttpCommandExecutor.java:223)
        	at org.openqa.selenium.remote.service.DriverCommandExecutor.invokeExecute(DriverCommandExecutor.java:216)
        	at org.openqa.selenium.remote.service.DriverCommandExecutor.execute(DriverCommandExecutor.java:174)
        	at org.openqa.selenium.remote.RemoteWebDriver.execute(RemoteWebDriver.java:606)
        	at org.openqa.selenium.remote.RemoteWebElement.execute(RemoteWebElement.java:223)
        	at org.openqa.selenium.remote.RemoteWebElement.click(RemoteWebElement.java:76)
        	at actions.BaseAction.click(BaseAction.java:41)
        	at actions.DownloadPdfAction.upcapp(DownloadPdfAction.java:42)
        	at definitions.DownloadPdfDef.user_clicks_on_filter(DownloadPdfDef.java:40)
        	at ✽.user clicks on "Upcoming Appointment" filter(file:///D:/Automation_Project/Automation-Testing-Project/src/test/resources/features/DownloadPdf.feature:12)
  ↷ And user selects "csv" download option                                    # definitions.DownloadPdfDef.user_selects_download_option(java.lang.String)
  ↷ Then file should be downloaded successfully for "Appointment Details.csv" # definitions.DownloadPdfDef.file_should_be_downloaded_successfully_for(java.lang.String)
]]></system-out>
    <system-err><![CDATA[May 17, 2026 2:39:50 PM org.openqa.selenium.devtools.CdpVersionFinder findNearestMatch
WARNING: Unable to find an exact match for CDP version 148, returning the closest version; found: 147; Please update to a Selenium version that supports CDP version 148
]]></system-err>
  </testcase>
  <testcase name="runScenario[&quot;Download appointment filter in different formats&quot;, &quot;Muhindhar_13-05-2026_Downloading the PDF (Printing)&quot;](6)" classname="runner.TestRunner" time="9.293">
    <failure message="element click intercepted: Element &lt;li class=&quot;active&quot;&gt;...&lt;/li&gt; is not clickable at point (290, 86). Other element would receive the click: &lt;nav class=&quot;navbar navbar-static-top&quot; role=&quot;navigation&quot;&gt;...&lt;/nav&gt;&#10;  (Session info: chrome=148.0.7778.168)&#10;Build info: version: &apos;4.43.0&apos;, revision: &apos;dd0f534&apos;&#10;System info: os.name: &apos;Windows 11&apos;, os.arch: &apos;amd64&apos;, os.version: &apos;10.0&apos;, java.version: &apos;25.0.2&apos;&#10;Driver info: org.openqa.selenium.chrome.ChromeDriver&#10;Command: [61b26b95a25ec8b75d0491c1f4a9e8b5, clickElement {id=f.5B31715D94C008790E33AB73EADB6AB3.d.9A0F6097EAC5E7075F6F4E846F62676D.e.309}]&#10;Capabilities {acceptInsecureCerts: false, browserName: chrome, browserVersion: 148.0.7778.168, chrome: {chromedriverVersion: 148.0.7778.167 (65db666ac2c..., userDataDir: C:\Users\MUHIND~1\AppData\L...}, fedcm:accounts: true, goog:chromeOptions: {debuggerAddress: localhost:2062}, goog:processID: 21220, networkConnectionEnabled: false, pageLoadStrategy: normal, platformName: windows, proxy: Proxy(), se:cdp: ws://localhost:2062/devtool..., se:cdpVersion: 148.0.7778.168, setWindowRect: true, strictFileInteractability: false, timeouts: {implicit: 0, pageLoad: 300000, script: 30000}, unhandledPromptBehavior: dismiss and notify, webauthn:extension:credBlob: true, webauthn:extension:largeBlob: true, webauthn:extension:minPinLength: true, webauthn:extension:prf: true, webauthn:virtualAuthenticators: true}&#10;Element: [[ChromeDriver: chrome on windows (61b26b95a25ec8b75d0491c1f4a9e8b5)] -&gt; xpath: //ul[@class=&apos;nav nav-tabs navlistscroll&apos;]//li[1]]&#10;Session ID: 61b26b95a25ec8b75d0491c1f4a9e8b5" type="org.openqa.selenium.ElementClickInterceptedException"><![CDATA[org.openqa.selenium.ElementClickInterceptedException: 
element click intercepted: Element <li class="active">...</li> is not clickable at point (290, 86). Other element would receive the click: <nav class="navbar navbar-static-top" role="navigation">...</nav>
  (Session info: chrome=148.0.7778.168)
Build info: version: '4.43.0', revision: 'dd0f534'
System info: os.name: 'Windows 11', os.arch: 'amd64', os.version: '10.0', java.version: '25.0.2'
Driver info: org.openqa.selenium.chrome.ChromeDriver
Command: [61b26b95a25ec8b75d0491c1f4a9e8b5, clickElement {id=f.5B31715D94C008790E33AB73EADB6AB3.d.9A0F6097EAC5E7075F6F4E846F62676D.e.309}]
Capabilities {acceptInsecureCerts: false, browserName: chrome, browserVersion: 148.0.7778.168, chrome: {chromedriverVersion: 148.0.7778.167 (65db666ac2c..., userDataDir: C:\Users\MUHIND~1\AppData\L...}, fedcm:accounts: true, goog:chromeOptions: {debuggerAddress: localhost:2062}, goog:processID: 21220, networkConnectionEnabled: false, pageLoadStrategy: normal, platformName: windows, proxy: Proxy(), se:cdp: ws://localhost:2062/devtool..., se:cdpVersion: 148.0.7778.168, setWindowRect: true, strictFileInteractability: false, timeouts: {implicit: 0, pageLoad: 300000, script: 30000}, unhandledPromptBehavior: dismiss and notify, webauthn:extension:credBlob: true, webauthn:extension:largeBlob: true, webauthn:extension:minPinLength: true, webauthn:extension:prf: true, webauthn:virtualAuthenticators: true}
Element: [[ChromeDriver: chrome on windows (61b26b95a25ec8b75d0491c1f4a9e8b5)] -> xpath: //ul[@class='nav nav-tabs navlistscroll']//li[1]]
Session ID: 61b26b95a25ec8b75d0491c1f4a9e8b5
	at org.openqa.selenium.remote.ErrorCodec.decode(ErrorCodec.java:169)
	at org.openqa.selenium.remote.codec.w3c.W3CHttpResponseCodec.decode(W3CHttpResponseCodec.java:142)
	at org.openqa.selenium.remote.codec.w3c.W3CHttpResponseCodec.decode(W3CHttpResponseCodec.java:49)
	at org.openqa.selenium.remote.HttpCommandExecutor.execute(HttpCommandExecutor.java:223)
	at org.openqa.selenium.remote.service.DriverCommandExecutor.invokeExecute(DriverCommandExecutor.java:216)
	at org.openqa.selenium.remote.service.DriverCommandExecutor.execute(DriverCommandExecutor.java:174)
	at org.openqa.selenium.remote.RemoteWebDriver.execute(RemoteWebDriver.java:606)
	at org.openqa.selenium.remote.RemoteWebElement.execute(RemoteWebElement.java:223)
	at org.openqa.selenium.remote.RemoteWebElement.click(RemoteWebElement.java:76)
	at actions.BaseAction.click(BaseAction.java:41)
	at actions.DownloadPdfAction.tdyapp(DownloadPdfAction.java:34)
	at definitions.DownloadPdfDef.user_clicks_on_filter(DownloadPdfDef.java:44)
	at ✽.user clicks on "Today Appointment" filter(file:///D:/Automation_Project/Automation-Testing-Project/src/test/resources/features/DownloadPdf.feature:12)
]]></failure>
    <system-out><![CDATA[
@DownloadAppointment
Scenario Outline: Download appointment filter in different formats             # src/test/resources/features/DownloadPdf.feature:20
D:\Automation_Project\Automation-Testing-Project\downloads
[INFO ] 2026-05-17 14:40:00.889 [TestNG-test-CucumberTests-1] HelperClass - Clicking receptionist button
[INFO ] 2026-05-17 14:40:01.121 [TestNG-test-CucumberTests-1] HelperClass - Clicking signin button
  ✔ Given the user is logged in as receptionist                                # definitions.DownloadPdfDef.the_user_is_logged_in_as_receptionist()
[INFO ] 2026-05-17 14:40:05.424 [TestNG-test-CucumberTests-1] HelperClass - Clicking appointment buttton
  ✔ And user is on appointment page                                            # definitions.DownloadPdfDef.user_is_on_appointment_page()
[INFO ] 2026-05-17 14:40:06.269 [TestNG-test-CucumberTests-1] HelperClass - Today appointment
  ✘ When user clicks on "Today Appointment" filter                             # definitions.DownloadPdfDef.user_clicks_on_filter(java.lang.String)
        org.openqa.selenium.ElementClickInterceptedException: element click intercepted: Element <li class="active">...</li> is not clickable at point (290, 86). Other element would receive the click: <nav class="navbar navbar-static-top" role="navigation">...</nav>
          (Session info: chrome=148.0.7778.168)
        Build info: version: '4.43.0', revision: 'dd0f534'
        System info: os.name: 'Windows 11', os.arch: 'amd64', os.version: '10.0', java.version: '25.0.2'
        Driver info: org.openqa.selenium.chrome.ChromeDriver
        Command: [61b26b95a25ec8b75d0491c1f4a9e8b5, clickElement {id=f.5B31715D94C008790E33AB73EADB6AB3.d.9A0F6097EAC5E7075F6F4E846F62676D.e.309}]
        Capabilities {acceptInsecureCerts: false, browserName: chrome, browserVersion: 148.0.7778.168, chrome: {chromedriverVersion: 148.0.7778.167 (65db666ac2c..., userDataDir: C:\Users\MUHIND~1\AppData\L...}, fedcm:accounts: true, goog:chromeOptions: {debuggerAddress: localhost:2062}, goog:processID: 21220, networkConnectionEnabled: false, pageLoadStrategy: normal, platformName: windows, proxy: Proxy(), se:cdp: ws://localhost:2062/devtool..., se:cdpVersion: 148.0.7778.168, setWindowRect: true, strictFileInteractability: false, timeouts: {implicit: 0, pageLoad: 300000, script: 30000}, unhandledPromptBehavior: dismiss and notify, webauthn:extension:credBlob: true, webauthn:extension:largeBlob: true, webauthn:extension:minPinLength: true, webauthn:extension:prf: true, webauthn:virtualAuthenticators: true}
        Element: [[ChromeDriver: chrome on windows (61b26b95a25ec8b75d0491c1f4a9e8b5)] -> xpath: //ul[@class='nav nav-tabs navlistscroll']//li[1]]
        Session ID: 61b26b95a25ec8b75d0491c1f4a9e8b5
        	at org.openqa.selenium.remote.ErrorCodec.decode(ErrorCodec.java:169)
        	at org.openqa.selenium.remote.codec.w3c.W3CHttpResponseCodec.decode(W3CHttpResponseCodec.java:142)
        	at org.openqa.selenium.remote.codec.w3c.W3CHttpResponseCodec.decode(W3CHttpResponseCodec.java:49)
        	at org.openqa.selenium.remote.HttpCommandExecutor.execute(HttpCommandExecutor.java:223)
        	at org.openqa.selenium.remote.service.DriverCommandExecutor.invokeExecute(DriverCommandExecutor.java:216)
        	at org.openqa.selenium.remote.service.DriverCommandExecutor.execute(DriverCommandExecutor.java:174)
        	at org.openqa.selenium.remote.RemoteWebDriver.execute(RemoteWebDriver.java:606)
        	at org.openqa.selenium.remote.RemoteWebElement.execute(RemoteWebElement.java:223)
        	at org.openqa.selenium.remote.RemoteWebElement.click(RemoteWebElement.java:76)
        	at actions.BaseAction.click(BaseAction.java:41)
        	at actions.DownloadPdfAction.tdyapp(DownloadPdfAction.java:34)
        	at definitions.DownloadPdfDef.user_clicks_on_filter(DownloadPdfDef.java:44)
        	at ✽.user clicks on "Today Appointment" filter(file:///D:/Automation_Project/Automation-Testing-Project/src/test/resources/features/DownloadPdf.feature:12)
  ↷ And user selects "xlsx" download option                                    # definitions.DownloadPdfDef.user_selects_download_option(java.lang.String)
  ↷ Then file should be downloaded successfully for "Appointment Details.xlsx" # definitions.DownloadPdfDef.file_should_be_downloaded_successfully_for(java.lang.String)
]]></system-out>
    <system-err><![CDATA[May 17, 2026 2:39:59 PM org.openqa.selenium.devtools.CdpVersionFinder findNearestMatch
WARNING: Unable to find an exact match for CDP version 148, returning the closest version; found: 147; Please update to a Selenium version that supports CDP version 148
]]></system-err>
  </testcase>
  <testcase name="runScenario[&quot;Add complaint using excel data&quot;, &quot;Muhindhar_16-05-2026_Add a complaint in the front office page&quot;](7)" classname="runner.TestRunner" time="13.869">
    <failure message="Expected condition failed: waiting for element found by By.xpath: //li[contains(@class,&apos;treeview&apos;)][12] to be clickable, but the element was not visible.&#10;(tried for 10 seconds with 500 milliseconds interval)&#10;Build info: version: &apos;4.43.0&apos;, revision: &apos;dd0f534&apos;&#10;System info: os.name: &apos;Windows 11&apos;, os.arch: &apos;amd64&apos;, os.version: &apos;10.0&apos;, java.version: &apos;25.0.2&apos;&#10;Driver info: org.openqa.selenium.chrome.ChromeDriver&#10;Capabilities {acceptInsecureCerts: false, browserName: chrome, browserVersion: 148.0.7778.168, chrome: {chromedriverVersion: 148.0.7778.167 (65db666ac2c..., userDataDir: C:\Users\MUHIND~1\AppData\L...}, fedcm:accounts: true, goog:chromeOptions: {debuggerAddress: localhost:3060}, goog:processID: 18388, networkConnectionEnabled: false, pageLoadStrategy: normal, platformName: windows, proxy: Proxy(), se:cdp: ws://localhost:3060/devtool..., se:cdpVersion: 148.0.7778.168, setWindowRect: true, strictFileInteractability: false, timeouts: {implicit: 0, pageLoad: 300000, script: 30000}, unhandledPromptBehavior: dismiss and notify, webauthn:extension:credBlob: true, webauthn:extension:largeBlob: true, webauthn:extension:minPinLength: true, webauthn:extension:prf: true, webauthn:virtualAuthenticators: true}&#10;Session ID: 201deb16efcdcb564a8346b324e0eab1" type="org.openqa.selenium.TimeoutException"><![CDATA[org.openqa.selenium.TimeoutException: 
Expected condition failed: waiting for element found by By.xpath: //li[contains(@class,'treeview')][12] to be clickable, but the element was not visible.
(tried for 10 seconds with 500 milliseconds interval)
Build info: version: '4.43.0', revision: 'dd0f534'
System info: os.name: 'Windows 11', os.arch: 'amd64', os.version: '10.0', java.version: '25.0.2'
Driver info: org.openqa.selenium.chrome.ChromeDriver
Capabilities {acceptInsecureCerts: false, browserName: chrome, browserVersion: 148.0.7778.168, chrome: {chromedriverVersion: 148.0.7778.167 (65db666ac2c..., userDataDir: C:\Users\MUHIND~1\AppData\L...}, fedcm:accounts: true, goog:chromeOptions: {debuggerAddress: localhost:3060}, goog:processID: 18388, networkConnectionEnabled: false, pageLoadStrategy: normal, platformName: windows, proxy: Proxy(), se:cdp: ws://localhost:3060/devtool..., se:cdpVersion: 148.0.7778.168, setWindowRect: true, strictFileInteractability: false, timeouts: {implicit: 0, pageLoad: 300000, script: 30000}, unhandledPromptBehavior: dismiss and notify, webauthn:extension:credBlob: true, webauthn:extension:largeBlob: true, webauthn:extension:minPinLength: true, webauthn:extension:prf: true, webauthn:virtualAuthenticators: true}
Session ID: 201deb16efcdcb564a8346b324e0eab1
	at org.openqa.selenium.support.ui.WebDriverWait.timeoutException(WebDriverWait.java:85)
	at org.openqa.selenium.support.ui.FluentWait.until(FluentWait.java:234)
	at actions.BaseAction.click(BaseAction.java:39)
	at actions.CallLogFrontofcActions.frontofclink(CallLogFrontofcActions.java:34)
	at definitions.CallLogfrontofc.user_navigates_to_the_front_office_link(CallLogfrontofc.java:36)
	at ✽.user navigates to the front office link(file:///D:/Automation_Project/Automation-Testing-Project/src/test/resources/features/FoComplaint.feature:8)
]]></failure>
    <system-out><![CDATA[
@DifferentComplaints
Scenario: Add complaint using excel data              # src/test/resources/features/FoComplaint.feature:11
D:\Automation_Project\Automation-Testing-Project\downloads
[INFO ] 2026-05-17 14:40:09.908 [TestNG-test-CucumberTests-1] HelperClass - User is on login site
  ✔ Given user is on login page of site               # definitions.CallLogfrontofc.user_is_on_login_page_of_site()
[INFO ] 2026-05-17 14:40:10.065 [TestNG-test-CucumberTests-1] HelperClass - Clicking receptionist button
  ✔ And user clicks on receptionist button            # definitions.AppointmentFilterDef.user_clicks_on_receptionist_button()
[INFO ] 2026-05-17 14:40:10.207 [TestNG-test-CucumberTests-1] HelperClass - Clicking signin button
  ✔ And click signin button                           # definitions.CallLogfrontofc.click_signin_button()
[INFO ] 2026-05-17 14:40:10.352 [TestNG-test-CucumberTests-1] HelperClass - user is on homepage
  ✘ And user navigates to the front office link       # definitions.CallLogfrontofc.user_navigates_to_the_front_office_link()
        org.openqa.selenium.TimeoutException: Expected condition failed: waiting for element found by By.xpath: //li[contains(@class,'treeview')][12] to be clickable, but the element was not visible.
        (tried for 10 seconds with 500 milliseconds interval)
        Build info: version: '4.43.0', revision: 'dd0f534'
        System info: os.name: 'Windows 11', os.arch: 'amd64', os.version: '10.0', java.version: '25.0.2'
        Driver info: org.openqa.selenium.chrome.ChromeDriver
        Capabilities {acceptInsecureCerts: false, browserName: chrome, browserVersion: 148.0.7778.168, chrome: {chromedriverVersion: 148.0.7778.167 (65db666ac2c..., userDataDir: C:\Users\MUHIND~1\AppData\L...}, fedcm:accounts: true, goog:chromeOptions: {debuggerAddress: localhost:3060}, goog:processID: 18388, networkConnectionEnabled: false, pageLoadStrategy: normal, platformName: windows, proxy: Proxy(), se:cdp: ws://localhost:3060/devtool..., se:cdpVersion: 148.0.7778.168, setWindowRect: true, strictFileInteractability: false, timeouts: {implicit: 0, pageLoad: 300000, script: 30000}, unhandledPromptBehavior: dismiss and notify, webauthn:extension:credBlob: true, webauthn:extension:largeBlob: true, webauthn:extension:minPinLength: true, webauthn:extension:prf: true, webauthn:virtualAuthenticators: true}
        Session ID: 201deb16efcdcb564a8346b324e0eab1
        	at org.openqa.selenium.support.ui.WebDriverWait.timeoutException(WebDriverWait.java:85)
        	at org.openqa.selenium.support.ui.FluentWait.until(FluentWait.java:234)
        	at actions.BaseAction.click(BaseAction.java:39)
        	at actions.CallLogFrontofcActions.frontofclink(CallLogFrontofcActions.java:34)
        	at definitions.CallLogfrontofc.user_navigates_to_the_front_office_link(CallLogfrontofc.java:36)
        	at ✽.user navigates to the front office link(file:///D:/Automation_Project/Automation-Testing-Project/src/test/resources/features/FoComplaint.feature:8)
  ↷ And clicks on the complaint link                  # definitions.ComplainFo.clicks_on_the_complaint_link()
  ↷ And click on the add complaint                    # definitions.ComplainFo.click_on_the_add_complaint()
  ↷ When user enters the complaint details from excel # definitions.ComplainFo.user_enters_the_complaint_details_from_excel()
  ↷ And click save button in the site                 # definitions.ComplainFo.click_save_button_in_the_site()
  ↷ Then user should be able to see the complaints    # definitions.ComplainFo.user_should_be_able_to_see_the_complaints()
]]></system-out>
    <system-err><![CDATA[May 17, 2026 2:40:08 PM org.openqa.selenium.devtools.CdpVersionFinder findNearestMatch
WARNING: Unable to find an exact match for CDP version 148, returning the closest version; found: 147; Please update to a Selenium version that supports CDP version 148
]]></system-err>
  </testcase>
  <testcase name="runScenario[&quot;add outgoing call log&quot;, &quot;Muhindhar_16-05-2026_To check the call log in the front office module&quot;](8)" classname="runner.TestRunner" time="19.773">
    <failure message="Expected condition failed: waiting for element found by By.xpath: //li[contains(@class,&apos;treeview&apos;)][12] to be clickable, but the element was not visible.&#10;(tried for 10 seconds with 500 milliseconds interval)&#10;Build info: version: &apos;4.43.0&apos;, revision: &apos;dd0f534&apos;&#10;System info: os.name: &apos;Windows 11&apos;, os.arch: &apos;amd64&apos;, os.version: &apos;10.0&apos;, java.version: &apos;25.0.2&apos;&#10;Driver info: org.openqa.selenium.chrome.ChromeDriver&#10;Capabilities {acceptInsecureCerts: false, browserName: chrome, browserVersion: 148.0.7778.168, chrome: {chromedriverVersion: 148.0.7778.167 (65db666ac2c..., userDataDir: C:\Users\MUHIND~1\AppData\L...}, fedcm:accounts: true, goog:chromeOptions: {debuggerAddress: localhost:14980}, goog:processID: 42240, networkConnectionEnabled: false, pageLoadStrategy: normal, platformName: windows, proxy: Proxy(), se:cdp: ws://localhost:14980/devtoo..., se:cdpVersion: 148.0.7778.168, setWindowRect: true, strictFileInteractability: false, timeouts: {implicit: 0, pageLoad: 300000, script: 30000}, unhandledPromptBehavior: dismiss and notify, webauthn:extension:credBlob: true, webauthn:extension:largeBlob: true, webauthn:extension:minPinLength: true, webauthn:extension:prf: true, webauthn:virtualAuthenticators: true}&#10;Session ID: b92ccf9f96609c3d59c39270ae324bf0" type="org.openqa.selenium.TimeoutException"><![CDATA[org.openqa.selenium.TimeoutException: 
Expected condition failed: waiting for element found by By.xpath: //li[contains(@class,'treeview')][12] to be clickable, but the element was not visible.
(tried for 10 seconds with 500 milliseconds interval)
Build info: version: '4.43.0', revision: 'dd0f534'
System info: os.name: 'Windows 11', os.arch: 'amd64', os.version: '10.0', java.version: '25.0.2'
Driver info: org.openqa.selenium.chrome.ChromeDriver
Capabilities {acceptInsecureCerts: false, browserName: chrome, browserVersion: 148.0.7778.168, chrome: {chromedriverVersion: 148.0.7778.167 (65db666ac2c..., userDataDir: C:\Users\MUHIND~1\AppData\L...}, fedcm:accounts: true, goog:chromeOptions: {debuggerAddress: localhost:14980}, goog:processID: 42240, networkConnectionEnabled: false, pageLoadStrategy: normal, platformName: windows, proxy: Proxy(), se:cdp: ws://localhost:14980/devtoo..., se:cdpVersion: 148.0.7778.168, setWindowRect: true, strictFileInteractability: false, timeouts: {implicit: 0, pageLoad: 300000, script: 30000}, unhandledPromptBehavior: dismiss and notify, webauthn:extension:credBlob: true, webauthn:extension:largeBlob: true, webauthn:extension:minPinLength: true, webauthn:extension:prf: true, webauthn:virtualAuthenticators: true}
Session ID: b92ccf9f96609c3d59c39270ae324bf0
	at org.openqa.selenium.support.ui.WebDriverWait.timeoutException(WebDriverWait.java:85)
	at org.openqa.selenium.support.ui.FluentWait.until(FluentWait.java:234)
	at actions.BaseAction.click(BaseAction.java:39)
	at actions.CallLogFrontofcActions.frontofclink(CallLogFrontofcActions.java:34)
	at definitions.CallLogfrontofc.user_navigates_to_the_front_office_link(CallLogfrontofc.java:36)
	at ✽.user navigates to the front office link(file:///D:/Automation_Project/Automation-Testing-Project/src/test/resources/features/FrontOfcCallLog.feature:9)
]]></failure>
    <system-out><![CDATA[
@Addcall
Scenario: add outgoing call log                          # src/test/resources/features/FrontOfcCallLog.feature:12
D:\Automation_Project\Automation-Testing-Project\downloads
  ✔ Given the user launches the application              # definitions.CommonStepDefinition.the_user_launches_the_application()
  ✔ And the user is on the login page                    # definitions.CommonStepDefinition.the_user_is_on_the_login_page()
  ✔ When the user clicks the "Receptionist" button       # definitions.LoginStepDefinition.the_user_clicks_the_button(java.lang.String)
  ✔ And clicks on the Login button                       # definitions.LoginStepDefinition.clicks_on_the_login_button()
[INFO ] 2026-05-17 14:40:30.898 [TestNG-test-CucumberTests-1] HelperClass - user is on homepage
  ✘ And user navigates to the front office link          # definitions.CallLogfrontofc.user_navigates_to_the_front_office_link()
        org.openqa.selenium.TimeoutException: Expected condition failed: waiting for element found by By.xpath: //li[contains(@class,'treeview')][12] to be clickable, but the element was not visible.
        (tried for 10 seconds with 500 milliseconds interval)
        Build info: version: '4.43.0', revision: 'dd0f534'
        System info: os.name: 'Windows 11', os.arch: 'amd64', os.version: '10.0', java.version: '25.0.2'
        Driver info: org.openqa.selenium.chrome.ChromeDriver
        Capabilities {acceptInsecureCerts: false, browserName: chrome, browserVersion: 148.0.7778.168, chrome: {chromedriverVersion: 148.0.7778.167 (65db666ac2c..., userDataDir: C:\Users\MUHIND~1\AppData\L...}, fedcm:accounts: true, goog:chromeOptions: {debuggerAddress: localhost:14980}, goog:processID: 42240, networkConnectionEnabled: false, pageLoadStrategy: normal, platformName: windows, proxy: Proxy(), se:cdp: ws://localhost:14980/devtoo..., se:cdpVersion: 148.0.7778.168, setWindowRect: true, strictFileInteractability: false, timeouts: {implicit: 0, pageLoad: 300000, script: 30000}, unhandledPromptBehavior: dismiss and notify, webauthn:extension:credBlob: true, webauthn:extension:largeBlob: true, webauthn:extension:minPinLength: true, webauthn:extension:prf: true, webauthn:virtualAuthenticators: true}
        Session ID: b92ccf9f96609c3d59c39270ae324bf0
        	at org.openqa.selenium.support.ui.WebDriverWait.timeoutException(WebDriverWait.java:85)
        	at org.openqa.selenium.support.ui.FluentWait.until(FluentWait.java:234)
        	at actions.BaseAction.click(BaseAction.java:39)
        	at actions.CallLogFrontofcActions.frontofclink(CallLogFrontofcActions.java:34)
        	at definitions.CallLogfrontofc.user_navigates_to_the_front_office_link(CallLogfrontofc.java:36)
        	at ✽.user navigates to the front office link(file:///D:/Automation_Project/Automation-Testing-Project/src/test/resources/features/FrontOfcCallLog.feature:9)
  ↷ And user clicks on phone call log link               # definitions.CallLogfrontofc.user_clicks_on_phone_call_log_link()
  ↷ And user click on add call log link                  # definitions.CallLogfrontofc.user_click_on_add_call_log_link()
  ↷ When user enters following details                   # definitions.CallLogfrontofc.user_enters_following_details(io.cucumber.datatable.DataTable)
      | name      | phone      | description | calltype |
      | muhindhar | 9876543254 | emergency   | Outgoing |
      | user      | 9833543254 | family      | Incoming |
  ↷ And click save button                                # definitions.CallLogfrontofc.click_save_button()
  ↷ Then user should be able to see in the call log list # definitions.CallLogfrontofc.user_should_be_able_to_see_in_the_call_log_list()
]]></system-out>
    <system-err><![CDATA[May 17, 2026 2:40:22 PM org.openqa.selenium.devtools.CdpVersionFinder findNearestMatch
WARNING: Unable to find an exact match for CDP version 148, returning the closest version; found: 147; Please update to a Selenium version that supports CDP version 148
]]></system-err>
  </testcase>
  <testcase name="runScenario[&quot;Validate mandatory field error messages&quot;, &quot;Muhindhar_16-05-2026_To check the call log in the front office module&quot;](9)" classname="runner.TestRunner" time="15.924">
    <failure message="Expected condition failed: waiting for element found by By.xpath: //li[contains(@class,&apos;treeview&apos;)][12] to be clickable, but the element was not visible.&#10;(tried for 10 seconds with 500 milliseconds interval)&#10;Build info: version: &apos;4.43.0&apos;, revision: &apos;dd0f534&apos;&#10;System info: os.name: &apos;Windows 11&apos;, os.arch: &apos;amd64&apos;, os.version: &apos;10.0&apos;, java.version: &apos;25.0.2&apos;&#10;Driver info: org.openqa.selenium.chrome.ChromeDriver&#10;Capabilities {acceptInsecureCerts: false, browserName: chrome, browserVersion: 148.0.7778.168, chrome: {chromedriverVersion: 148.0.7778.167 (65db666ac2c..., userDataDir: C:\Users\MUHIND~1\AppData\L...}, fedcm:accounts: true, goog:chromeOptions: {debuggerAddress: localhost:1700}, goog:processID: 13620, networkConnectionEnabled: false, pageLoadStrategy: normal, platformName: windows, proxy: Proxy(), se:cdp: ws://localhost:1700/devtool..., se:cdpVersion: 148.0.7778.168, setWindowRect: true, strictFileInteractability: false, timeouts: {implicit: 0, pageLoad: 300000, script: 30000}, unhandledPromptBehavior: dismiss and notify, webauthn:extension:credBlob: true, webauthn:extension:largeBlob: true, webauthn:extension:minPinLength: true, webauthn:extension:prf: true, webauthn:virtualAuthenticators: true}&#10;Session ID: 2b4cf842798b11035e3132ef9a48b060" type="org.openqa.selenium.TimeoutException"><![CDATA[org.openqa.selenium.TimeoutException: 
Expected condition failed: waiting for element found by By.xpath: //li[contains(@class,'treeview')][12] to be clickable, but the element was not visible.
(tried for 10 seconds with 500 milliseconds interval)
Build info: version: '4.43.0', revision: 'dd0f534'
System info: os.name: 'Windows 11', os.arch: 'amd64', os.version: '10.0', java.version: '25.0.2'
Driver info: org.openqa.selenium.chrome.ChromeDriver
Capabilities {acceptInsecureCerts: false, browserName: chrome, browserVersion: 148.0.7778.168, chrome: {chromedriverVersion: 148.0.7778.167 (65db666ac2c..., userDataDir: C:\Users\MUHIND~1\AppData\L...}, fedcm:accounts: true, goog:chromeOptions: {debuggerAddress: localhost:1700}, goog:processID: 13620, networkConnectionEnabled: false, pageLoadStrategy: normal, platformName: windows, proxy: Proxy(), se:cdp: ws://localhost:1700/devtool..., se:cdpVersion: 148.0.7778.168, setWindowRect: true, strictFileInteractability: false, timeouts: {implicit: 0, pageLoad: 300000, script: 30000}, unhandledPromptBehavior: dismiss and notify, webauthn:extension:credBlob: true, webauthn:extension:largeBlob: true, webauthn:extension:minPinLength: true, webauthn:extension:prf: true, webauthn:virtualAuthenticators: true}
Session ID: 2b4cf842798b11035e3132ef9a48b060
	at org.openqa.selenium.support.ui.WebDriverWait.timeoutException(WebDriverWait.java:85)
	at org.openqa.selenium.support.ui.FluentWait.until(FluentWait.java:234)
[...]
D:\Automation_Project\Automation-Testing-Project\downloads
  ✔ Given the user launches the application                      # definitions.CommonStepDefinition.the_user_launches_the_application()
  ✔ And the user is on the login page                            # definitions.CommonStepDefinition.the_user_is_on_the_login_page()
  ✔ When the user leaves the email field empty                   # definitions.LoginStepDefinition.the_user_leaves_the_email_field_empty()
  ✔ And the user enters password                                 # definitions.LoginStepDefinition.the_user_enters_password()
  ✔ And clicks on the Login button                               # definitions.LoginStepDefinition.clicks_on_the_login_button()
  ✔ Then a email required validation message should be displayed # definitions.LoginStepDefinition.a_email_required_validation_message_should_be_displayed()
]]></system-out>
    <system-err><![CDATA[May 17, 2026 2:42:10 PM org.openqa.selenium.devtools.CdpVersionFinder findNearestMatch
WARNING: Unable to find an exact match for CDP version 148, returning the closest version; found: 147; Please update to a Selenium version that supports CDP version 148
]]></system-err>
  </testcase>
  <testcase name="runScenario[&quot;Login with empty password&quot;, &quot;M_VIGNESHWARAN_2026_05_05_SmartHospital_LoginFeature&quot;](17)" classname="runner.TestRunner" time="6.5">
    <system-out><![CDATA[
@negative
Scenario: Login with empty password                                 # src/test/resources/features/login/login.feature:38
D:\Automation_Project\Automation-Testing-Project\downloads
  ✔ Given the user launches the application                         # definitions.CommonStepDefinition.the_user_launches_the_application()
  ✔ And the user is on the login page                               # definitions.CommonStepDefinition.the_user_is_on_the_login_page()
  ✔ When the user enters email                                      # definitions.LoginStepDefinition.the_user_enters_email()
  ✔ And the user leaves the password field empty                    # definitions.LoginStepDefinition.the_user_leaves_the_password_field_empty()
  ✔ And clicks on the Login button                                  # definitions.LoginStepDefinition.clicks_on_the_login_button()
  ✔ Then a password required validation message should be displayed # definitions.LoginStepDefinition.a_password_required_validation_message_should_be_displayed()
]]></system-out>
    <system-err><![CDATA[May 17, 2026 2:42:17 PM org.openqa.selenium.devtools.CdpVersionFinder findNearestMatch
WARNING: Unable to find an exact match for CDP version 148, returning the closest version; found: 147; Please update to a Selenium version that supports CDP version 148
]]></system-err>
  </testcase>
  <testcase name="runScenario[&quot;Verify login functionality for multiple user roles&quot;, &quot;M_VIGNESHWARAN_2026_05_05_SmartHospital_LoginFeature&quot;](18)" classname="runner.TestRunner" time="10.548">
    <system-out><![CDATA[
@ValidLoginWithOutline
Scenario Outline: Verify login functionality for multiple user roles # src/test/resources/features/login/login.feature:53
D:\Automation_Project\Automation-Testing-Project\downloads
  ✔ Given the user launches the application                          # definitions.CommonStepDefinition.the_user_launches_the_application()
  ✔ And the user is on the login page                                # definitions.CommonStepDefinition.the_user_is_on_the_login_page()
  ✔ When the user clicks the "Super Admin" button                    # definitions.LoginStepDefinition.the_user_clicks_the_button(java.lang.String)
  ✔ And clicks on the Login button                                   # definitions.LoginStepDefinition.clicks_on_the_login_button()
  ✔ Then the user should be redirected to the dashboard              # definitions.LoginStepDefinition.the_user_should_be_redirected_to_the_dashboard()
  ✔ And the role of the user in profile should "Super Admin"         # definitions.LoginStepDefinition.the_role_of_the_user_in_profile_should(java.lang.String)
]]></system-out>
    <system-err><![CDATA[May 17, 2026 2:42:23 PM org.openqa.selenium.devtools.CdpVersionFinder findNearestMatch
WARNING: Unable to find an exact match for CDP version 148, returning the closest version; found: 147; Please update to a Selenium version that supports CDP version 148
]]></system-err>
  </testcase>
  <testcase name="runScenario[&quot;Verify login functionality for multiple user roles&quot;, &quot;M_VIGNESHWARAN_2026_05_05_SmartHospital_LoginFeature&quot;](19)" classname="runner.TestRunner" time="8.073">
    <system-out><![CDATA[
@ValidLoginWithOutline
Scenario Outline: Verify login functionality for multiple user roles # src/test/resources/features/login/login.feature:54
D:\Automation_Project\Automation-Testing-Project\downloads
  ✔ Given the user launches the application                          # definitions.CommonStepDefinition.the_user_launches_the_application()
  ✔ And the user is on the login page                                # definitions.CommonStepDefinition.the_user_is_on_the_login_page()
  ✔ When the user clicks the "Admin" button                          # definitions.LoginStepDefinition.the_user_clicks_the_button(java.lang.String)
  ✔ And clicks on the Login button                                   # definitions.LoginStepDefinition.clicks_on_the_login_button()
  ✔ Then the user should be redirected to the dashboard              # definitions.LoginStepDefinition.the_user_should_be_redirected_to_the_dashboard()
  ✔ And the role of the user in profile should "Admin"               # definitions.LoginStepDefinition.the_role_of_the_user_in_profile_should(java.lang.String)
]]></system-out>
    <system-err><![CDATA[May 17, 2026 2:42:34 PM org.openqa.selenium.devtools.CdpVersionFinder findNearestMatch
WARNING: Unable to find an exact match for CDP version 148, returning the closest version; found: 147; Please update to a Selenium version that supports CDP version 148
]]></system-err>
  </testcase>
  <testcase name="runScenario[&quot;Verify login functionality for multiple user roles&quot;, &quot;M_VIGNESHWARAN_2026_05_05_SmartHospital_LoginFeature&quot;](20)" classname="runner.TestRunner" time="9.689">
    <system-out><![CDATA[
@ValidLoginWithOutline
Scenario Outline: Verify login functionality for multiple user roles # src/test/resources/features/login/login.feature:55
D:\Automation_Project\Automation-Testing-Project\downloads
  ✔ Given the user launches the application                          # definitions.CommonStepDefinition.the_user_launches_the_application()
  ✔ And the user is on the login page                                # definitions.CommonStepDefinition.the_user_is_on_the_login_page()
  ✔ When the user clicks the "Doctor" button                         # definitions.LoginStepDefinition.the_user_clicks_the_button(java.lang.String)
  ✔ And clicks on the Login button                                   # definitions.LoginStepDefinition.clicks_on_the_login_button()
  ✔ Then the user should be redirected to the dashboard              # definitions.LoginStepDefinition.the_user_should_be_redirected_to_the_dashboard()
  ✔ And the role of the user in profile should "Doctor"              # definitions.LoginStepDefinition.the_role_of_the_user_in_profile_should(java.lang.String)
]]></system-out>
    <system-err><![CDATA[May 17, 2026 2:42:42 PM org.openqa.selenium.devtools.CdpVersionFinder findNearestMatch
WARNING: Unable to find an exact match for CDP version 148, returning the closest version; found: 147; Please update to a Selenium version that supports CDP version 148
]]></system-err>
  </testcase>
  <testcase name="runScenario[&quot;Verify login functionality for multiple user roles&quot;, &quot;M_VIGNESHWARAN_2026_05_05_SmartHospital_LoginFeature&quot;](21)" classname="runner.TestRunner" time="9.516">
    <system-out><![CDATA[
@ValidLoginWithOutline
Scenario Outline: Verify login functionality for multiple user roles # src/test/resources/features/login/login.feature:56
D:\Automation_Project\Automation-Testing-Project\downloads
  ✔ Given the user launches the application                          # definitions.CommonStepDefinition.the_user_launches_the_application()
  ✔ And the user is on the login page                                # definitions.CommonStepDefinition.the_user_is_on_the_login_page()
  ✔ When the user clicks the "Pharmacist" button                     # definitions.LoginStepDefinition.the_user_clicks_the_button(java.lang.String)
  ✔ And clicks on the Login button                                   # definitions.LoginStepDefinition.clicks_on_the_login_button()
  ✔ Then the user should be redirected to the dashboard              # definitions.LoginStepDefinition.the_user_should_be_redirected_to_the_dashboard()
  ✔ And the role of the user in profile should "Pharmacist"          # definitions.LoginStepDefinition.the_role_of_the_user_in_profile_should(java.lang.String)
]]></system-out>
    <system-err><![CDATA[May 17, 2026 2:42:52 PM org.openqa.selenium.devtools.CdpVersionFinder findNearestMatch
WARNING: Unable to find an exact match for CDP version 148, returning the closest version; found: 147; Please update to a Selenium version that supports CDP version 148
]]></system-err>
  </testcase>
  <testcase name="runScenario[&quot;Verify login functionality for multiple user roles&quot;, &quot;M_VIGNESHWARAN_2026_05_05_SmartHospital_LoginFeature&quot;](22)" classname="runner.TestRunner" time="9.479">
    <failure message="expected [true] but found [false]" type="java.lang.AssertionError"><![CDATA[java.lang.AssertionError: expected [true] but found [false]
	at org.testng.Assert.fail(Assert.java:111)
	at org.testng.Assert.failNotEquals(Assert.java:1590)
	at org.testng.Assert.assertTrue(Assert.java:57)
	at org.testng.Assert.assertTrue(Assert.java:67)
	at definitions.LoginStepDefinition.the_user_should_be_redirected_to_the_dashboard(LoginStepDefinition.java:85)
	at ✽.the user should be redirected to the dashboard(file:///D:/Automation_Project/Automation-Testing-Project/src/test/resources/features/login/login.feature:48)
]]></failure>
    <system-out><![CDATA[
@ValidLoginWithOutline
Scenario Outline: Verify login functionality for multiple user roles # src/test/resources/features/login/login.feature:57
D:\Automation_Project\Automation-Testing-Project\downloads
  ✔ Given the user launches the application                          # definitions.CommonStepDefinition.the_user_launches_the_application()
  ✔ And the user is on the login page                                # definitions.CommonStepDefinition.the_user_is_on_the_login_page()
  ✔ When the user clicks the "Pathologist" button                    # definitions.LoginStepDefinition.the_user_clicks_the_button(java.lang.String)
  ✔ And clicks on the Login button                                   # definitions.LoginStepDefinition.clicks_on_the_login_button()
  ✘ Then the user should be redirected to the dashboard              # definitions.LoginStepDefinition.the_user_should_be_redirected_to_the_dashboard()
        java.lang.AssertionError: expected [true] but found [false]
        	at org.testng.Assert.fail(Assert.java:111)
        	at org.testng.Assert.failNotEquals(Assert.java:1590)
        	at org.testng.Assert.assertTrue(Assert.java:57)
        	at org.testng.Assert.assertTrue(Assert.java:67)
        	at definitions.LoginStepDefinition.the_user_should_be_redirected_to_the_dashboard(LoginStepDefinition.java:85)
        	at ✽.the user should be redirected to the dashboard(file:///D:/Automation_Project/Automation-Testing-Project/src/test/resources/features/login/login.feature:48)
  ↷ And the role of the user in profile should "Pathologist"         # definitions.LoginStepDefinition.the_role_of_the_user_in_profile_should(java.lang.String)
]]></system-out>
    <system-err><![CDATA[May 17, 2026 2:43:01 PM org.openqa.selenium.devtools.CdpVersionFinder findNearestMatch
WARNING: Unable to find an exact match for CDP version 148, returning the closest version; found: 147; Please update to a Selenium version that supports CDP version 148
]]></system-err>
  </testcase>
  <testcase name="runScenario[&quot;Verify login functionality for multiple user roles&quot;, &quot;M_VIGNESHWARAN_2026_05_05_SmartHospital_LoginFeature&quot;](23)" classname="runner.TestRunner" time="9.604">
    <system-out><![CDATA[
@ValidLoginWithOutline
Scenario Outline: Verify login functionality for multiple user roles # src/test/resources/features/login/login.feature:58
D:\Automation_Project\Automation-Testing-Project\downloads
  ✔ Given the user launches the application                          # definitions.CommonStepDefinition.the_user_launches_the_application()
  ✔ And the user is on the login page                                # definitions.CommonStepDefinition.the_user_is_on_the_login_page()
  ✔ When the user clicks the "Radiologist" button                    # definitions.LoginStepDefinition.the_user_clicks_the_button(java.lang.String)
  ✔ And clicks on the Login button                                   # definitions.LoginStepDefinition.clicks_on_the_login_button()
  ✔ Then the user should be redirected to the dashboard              # definitions.LoginStepDefinition.the_user_should_be_redirected_to_the_dashboard()
  ✔ And the role of the user in profile should "Radiologist"         # definitions.LoginStepDefinition.the_role_of_the_user_in_profile_should(java.lang.String)
]]></system-out>
    <system-err><![CDATA[May 17, 2026 2:43:11 PM org.openqa.selenium.devtools.CdpVersionFinder findNearestMatch
WARNING: Unable to find an exact match for CDP version 148, returning the closest version; found: 147; Please update to a Selenium version that supports CDP version 148
]]></system-err>
  </testcase>
  <testcase name="runScenario[&quot;Verify login functionality for multiple user roles&quot;, &quot;M_VIGNESHWARAN_2026_05_05_SmartHospital_LoginFeature&quot;](24)" classname="runner.TestRunner" time="9.411">
    <system-out><![CDATA[
@ValidLoginWithOutline
Scenario Outline: Verify login functionality for multiple user roles # src/test/resources/features/login/login.feature:59
D:\Automation_Project\Automation-Testing-Project\downloads
  ✔ Given the user launches the application                          # definitions.CommonStepDefinition.the_user_launches_the_application()
  ✔ And the user is on the login page                                # definitions.CommonStepDefinition.the_user_is_on_the_login_page()
  ✔ When the user clicks the "Accountant" button                     # definitions.LoginStepDefinition.the_user_clicks_the_button(java.lang.String)
  ✔ And clicks on the Login button                                   # definitions.LoginStepDefinition.clicks_on_the_login_button()
  ✔ Then the user should be redirected to the dashboard              # definitions.LoginStepDefinition.the_user_should_be_redirected_to_the_dashboard()
  ✔ And the role of the user in profile should "Accountant"          # definitions.LoginStepDefinition.the_role_of_the_user_in_profile_should(java.lang.String)
]]></system-out>
    <system-err><![CDATA[May 17, 2026 2:43:20 PM org.openqa.selenium.devtools.CdpVersionFinder findNearestMatch
WARNING: Unable to find an exact match for CDP version 148, returning the closest version; found: 147; Please update to a Selenium version that supports CDP version 148
]]></system-err>
  </testcase>
  <testcase name="runScenario[&quot;Verify login functionality for multiple user roles&quot;, &quot;M_VIGNESHWARAN_2026_05_05_SmartHospital_LoginFeature&quot;](25)" classname="runner.TestRunner" time="10.248">
    <system-out><![CDATA[
@ValidLoginWithOutline
Scenario Outline: Verify login functionality for multiple user roles # src/test/resources/features/login/login.feature:60
D:\Automation_Project\Automation-Testing-Project\downloads
  ✔ Given the user launches the application                          # definitions.CommonStepDefinition.the_user_launches_the_application()
  ✔ And the user is on the login page                                # definitions.CommonStepDefinition.the_user_is_on_the_login_page()
  ✔ When the user clicks the "Receptionist" button                   # definitions.LoginStepDefinition.the_user_clicks_the_button(java.lang.String)
  ✔ And clicks on the Login button                                   # definitions.LoginStepDefinition.clicks_on_the_login_button()
  ✔ Then the user should be redirected to the dashboard              # definitions.LoginStepDefinition.the_user_should_be_redirected_to_the_dashboard()
  ✔ And the role of the user in profile should "Receptionist"        # definitions.LoginStepDefinition.the_role_of_the_user_in_profile_should(java.lang.String)
]]></system-out>
    <system-err><![CDATA[May 17, 2026 2:43:30 PM org.openqa.selenium.devtools.CdpVersionFinder findNearestMatch
WARNING: Unable to find an exact match for CDP version 148, returning the closest version; found: 147; Please update to a Selenium version that supports CDP version 148
]]></system-err>
  </testcase>
  <testcase name="runScenario[&quot;Verify login functionality for multiple user roles&quot;, &quot;M_VIGNESHWARAN_2026_05_05_SmartHospital_LoginFeature&quot;](26)" classname="runner.TestRunner" time="5.733">
    <failure message="expected [true] but found [false]" type="java.lang.AssertionError"><![CDATA[java.lang.AssertionError: expected [true] but found [false]
	at org.testng.Assert.fail(Assert.java:111)
	at org.testng.Assert.failNotEquals(Assert.java:1590)
	at org.testng.Assert.assertTrue(Assert.java:57)
	at org.testng.Assert.assertTrue(Assert.java:67)
	at definitions.LoginStepDefinition.the_user_should_be_redirected_to_the_dashboard(LoginStepDefinition.java:85)
	at ✽.the user should be redirected to the dashboard(file:///D:/Automation_Project/Automation-Testing-Project/src/test/resources/features/login/login.feature:48)
]]></failure>
    <system-out><![CDATA[
@ValidLoginWithOutline
Scenario Outline: Verify login functionality for multiple user roles # src/test/resources/features/login/login.feature:61
D:\Automation_Project\Automation-Testing-Project\downloads
  ✔ Given the user launches the application                          # definitions.CommonStepDefinition.the_user_launches_the_application()
  ✔ And the user is on the login page                                # definitions.CommonStepDefinition.the_user_is_on_the_login_page()
  ✔ When the user clicks the "Nurse" button                          # definitions.LoginStepDefinition.the_user_clicks_the_button(java.lang.String)
  ✔ And clicks on the Login button                                   # definitions.LoginStepDefinition.clicks_on_the_login_button()
  ✘ Then the user should be redirected to the dashboard              # definitions.LoginStepDefinition.the_user_should_be_redirected_to_the_dashboard()
        java.lang.AssertionError: expected [true] but found [false]
        	at org.testng.Assert.fail(Assert.java:111)
        	at org.testng.Assert.failNotEquals(Assert.java:1590)
        	at org.testng.Assert.assertTrue(Assert.java:57)
        	at org.testng.Assert.assertTrue(Assert.java:67)
        	at definitions.LoginStepDefinition.the_user_should_be_redirected_to_the_dashboard(LoginStepDefinition.java:85)
        	at ✽.the user should be redirected to the dashboard(file:///D:/Automation_Project/Automation-Testing-Project/src/test/resources/features/login/login.feature:48)
  ↷ And the role of the user in profile should "Nurse"               # definitions.LoginStepDefinition.the_role_of_the_user_in_profile_should(java.lang.String)
]]></system-out>
    <system-err><![CDATA[May 17, 2026 2:43:40 PM org.openqa.selenium.devtools.CdpVersionFinder findNearestMatch
WARNING: Unable to find an exact match for CDP version 148, returning the closest version; found: 147; Please update to a Selenium version that supports CDP version 148
]]></system-err>
  </testcase>
</testsuite>